<?xml version="1.0" encoding="UTF-8"?>
<!-- Generated by org.testng.reporters.JUnitXMLReporter -->
<testsuite ignored="0" hostname="LAPTOP-1O3IM9L4" failures="1" tests="41" name="Surefire test" time="107.111" errors="0" timestamp="2022-10-21T17:20:52 EDT">
  <testcase classname="com.dsAlgo.testCases.TC_DsAlgoArrayTest" name="testArray" time="14.899"/>
  <testcase classname="com.dsAlgo.testCases.TC_DsAlgoHomeTest" name="signIn" time="2.098"/>
  <testcase classname="com.dsAlgo.testCases.TC_DsAlgoHomeTest" name="verifyArrayPageNav_FromDropdown" time="1.659"/>
  <testcase classname="com.dsAlgo.testCases.TC_DsAlgoHomeTest" name="verifyDropDown" time="1.088"/>
  <testcase classname="com.dsAlgo.testCases.TC_DsAlgoHomeTest" name="verifyQueuePageNav_AfterLogin" time="1.354"/>
  <testcase classname="com.dsAlgo.testCases.TC_DsAlgoHomeTest" name="verifyRegisterLink" time="0.365"/>
  <testcase classname="com.dsAlgo.testCases.TC_DsAlgoHomeTest" name="verifyTreePageNav_AfterLogin" time="1.403"/>
  <testcase classname="com.dsAlgo.testCases.TC_DsAlgoHomeTest" name="verifyArrayPageNav_BeforeLogin" time="0.656"/>
  <testcase classname="com.dsAlgo.testCases.TC_DsAlgoHomeTest" name="verifyArrayPageNav_AfterLogin" time="1.217"/>
  <testcase classname="com.dsAlgo.testCases.TC_DsAlgoLoginTest" name="loginTest" time="2.185"/>
  <testcase classname="com.dsAlgo.testCases.TC_DsAlgoLoginTest" name="loginTest" time="0.599"/>
  <testcase classname="com.dsAlgo.testCases.TC_DsAlgoLoginTest" name="loginTest" time="0.4"/>
  <testcase classname="com.dsAlgo.testCases.TC_DsAlgoLoginTest" name="loginTest" time="0.413"/>
  <testcase classname="com.dsAlgo.testCases.TC_DsAlgoQueueTest" name="verifyArrayLink" time="2.805"/>
  <testcase classname="com.dsAlgo.testCases.TC_DsAlgoQueueTest" name="verifyCollectionsLink" time="0.58"/>
  <testcase classname="com.dsAlgo.testCases.TC_DsAlgoQueueTest" name="verifyLinkImpQueueInPython" time="0.296"/>
  <testcase classname="com.dsAlgo.testCases.TC_DsAlgoQueueTest" name="verifyPracticeQuestions" time="0.465"/>
  <testcase classname="com.dsAlgo.testCases.TC_DsAlgoQueueTest" name="verifyQueueOperations" time="0.691"/>
  <testcase classname="com.dsAlgo.testCases.TC_DsAlgoQueueTest" name="verifyRunBtnFromQueue" time="5.821"/>
  <testcase classname="com.dsAlgo.testCases.TC_DsAlgoRegisterTest" name="VerifyRegisterWithEmptyFields" time="2.257"/>
  <testcase classname="com.dsAlgo.testCases.TC_DsAlgoRegisterTest" name="registerTest" time="0.409"/>
  <testcase classname="com.dsAlgo.testCases.TC_DsAlgoRegisterTest" name="registerTest" time="0.349"/>
  <testcase classname="com.dsAlgo.testCases.TC_DsAlgoRegisterTest" name="registerTest" time="0.393"/>
  <testcase classname="com.dsAlgo.testCases.TC_DsAlgoRegisterTest" name="registerTest" time="0.398"/>
  <testcase classname="com.dsAlgo.testCases.TC_DsAlgoRegisterTest" name="registerTest" time="0.458"/>
  <testcase classname="com.dsAlgo.testCases.TC_DsAlgoRegisterTest" name="registerTest" time="0.4"/>
  <testcase classname="com.dsAlgo.testCases.TC_DsAlgoRegisterTest" name="verifyValidRegisterDetails" time="0.92"/>
  <testcase classname="com.dsAlgo.testCases.TC_DsAlgoRegisterTest" name="verifyvalidationMsg" time="2.186">
    <failure type="java.lang.AssertionError">
      <![CDATA[java.lang.AssertionError
at org.junit.Assert.fail(Assert.java:86)
at org.junit.Assert.assertTrue(Assert.java:41)
at org.junit.Assert.assertTrue(Assert.java:52)
at com.dsAlgo.testCases.TC_DsAlgoRegisterTest.verifyvalidationMsg(TC_DsAlgoRegisterTest.java:267)
at java.base/java.util.ArrayList.forEach(ArrayList.java:1511)
... Removed 32 stack frames]]>
    </failure>
  </testcase> <!-- verifyvalidationMsg -->
  <testcase classname="com.dsAlgo.testCases.TC_DsAlgoTreeTest" name="VerifyOverviewOfTrees" time="3.512"/>
  <testcase classname="com.dsAlgo.testCases.TC_DsAlgoTreeTest" name="VerifyTerminologies" time="0.866"/>
  <testcase classname="com.dsAlgo.testCases.TC_DsAlgoTreeTest" name="VerifyTreeTraversals" time="1.122"/>
  <testcase classname="com.dsAlgo.testCases.TC_DsAlgoTreeTest" name="VerifyTypesOfTrees" time="0.912"/>
  <testcase classname="com.dsAlgo.testCases.TC_DsAlgoTreeTest" name="verifyAppOfBinaryTrees" time="1.016"/>
  <testcase classname="com.dsAlgo.testCases.TC_DsAlgoTreeTest" name="verifyBST" time="1.193"/>
  <testcase classname="com.dsAlgo.testCases.TC_DsAlgoTreeTest" name="verifyBinaryTreeTraversals" time="1.186"/>
  <testcase classname="com.dsAlgo.testCases.TC_DsAlgoTreeTest" name="verifyBinaryTrees" time="0.889"/>
  <testcase classname="com.dsAlgo.testCases.TC_DsAlgoTreeTest" name="verifyImpInBinaryTrees" time="1.054"/>
  <testcase classname="com.dsAlgo.testCases.TC_DsAlgoTreeTest" name="verifyImpInPython" time="0.853"/>
  <testcase classname="com.dsAlgo.testCases.TC_DsAlgoTreeTest" name="verifyImpOfBST" time="0.885"/>
  <testcase classname="com.dsAlgo.testCases.TC_DsAlgoTreeTest" name="verifyTraversalsIllustration" time="1.003"/>
  <testcase classname="com.dsAlgo.testCases.TC_DsAlgoTreeTest" name="verifyTypesOfBinaryTrees" time="0.888"/>
</testsuite> <!-- Surefire test -->
