<?xml version="1.0" encoding="UTF-8"?>
<!-- Generated by org.testng.reporters.JUnitXMLReporter -->
<testsuite ignored="7" hostname="LAPTOP-1O3IM9L4" failures="0" tests="1" name="Default test" time="7.267" errors="0" timestamp="2022-10-21T17:17:38 EDT">
  <testcase classname="com.dsAlgo.testCases.TC_DsAlgoHomeTest" name="verifyDropDown" time="2.023"/>
  <testcase classname="com.dsAlgo.testCases.TC_DsAlgoHomeTest" name="signIn" time="0.0">
    <ignored/>
  </testcase> <!-- signIn -->
  <testcase classname="com.dsAlgo.testCases.TC_DsAlgoHomeTest" name="verifyArrayPageNav_BeforeLogin" time="0.0">
    <ignored/>
  </testcase> <!-- verifyArrayPageNav_BeforeLogin -->
  <testcase classname="com.dsAlgo.testCases.TC_DsAlgoHomeTest" name="verifyTreePageNav_AfterLogin" time="0.0">
    <ignored/>
  </testcase> <!-- verifyTreePageNav_AfterLogin -->
  <testcase classname="com.dsAlgo.testCases.TC_DsAlgoHomeTest" name="verifyQueuePageNav_AfterLogin" time="0.0">
    <ignored/>
  </testcase> <!-- verifyQueuePageNav_AfterLogin -->
  <testcase classname="com.dsAlgo.testCases.TC_DsAlgoHomeTest" name="verifyRegisterLink" time="0.0">
    <ignored/>
  </testcase> <!-- verifyRegisterLink -->
  <testcase classname="com.dsAlgo.testCases.TC_DsAlgoHomeTest" name="verifyArrayPageNav_FromDropdown" time="0.0">
    <ignored/>
  </testcase> <!-- verifyArrayPageNav_FromDropdown -->
  <testcase classname="com.dsAlgo.testCases.TC_DsAlgoHomeTest" name="verifyArrayPageNav_AfterLogin" time="0.0">
    <ignored/>
  </testcase> <!-- verifyArrayPageNav_AfterLogin -->
</testsuite> <!-- Default test -->
