<?xml version="1.0" encoding="UTF-8"?>
<!-- Generated by org.testng.reporters.JUnitXMLReporter -->
<testsuite ignored="0" hostname="LAPTOP-1O3IM9L4" failures="0" tests="41" name="Test" time="79.341" errors="0" timestamp="2022-10-21T11:34:54 EDT">
  <testcase classname="com.dsAlgo.testCases.TC_DsAlgoQueueTest" name="verifyArrayLink" time="3.339"/>
  <testcase classname="com.dsAlgo.testCases.TC_DsAlgoQueueTest" name="verifyCollectionsLink" time="0.628"/>
  <testcase classname="com.dsAlgo.testCases.TC_DsAlgoQueueTest" name="verifyLinkImpQueueInPython" time="0.329"/>
  <testcase classname="com.dsAlgo.testCases.TC_DsAlgoQueueTest" name="verifyPracticeQuestions" time="0.475"/>
  <testcase classname="com.dsAlgo.testCases.TC_DsAlgoQueueTest" name="verifyQueueOperations" time="0.668"/>
  <testcase classname="com.dsAlgo.testCases.TC_DsAlgoQueueTest" name="verifyRunBtnFromQueue" time="5.641"/>
  <testcase classname="com.dsAlgo.testCases.TC_DsAlgoHomeTest" name="signIn" time="0.984"/>
  <testcase classname="com.dsAlgo.testCases.TC_DsAlgoHomeTest" name="verifyArrayPageNav_FromDropdown" time="1.615"/>
  <testcase classname="com.dsAlgo.testCases.TC_DsAlgoHomeTest" name="verifyDropDown" time="0.258"/>
  <testcase classname="com.dsAlgo.testCases.TC_DsAlgoHomeTest" name="verifyQueuePageNav_AfterLogin" time="1.675"/>
  <testcase classname="com.dsAlgo.testCases.TC_DsAlgoHomeTest" name="verifyRegisterLink" time="0.392"/>
  <testcase classname="com.dsAlgo.testCases.TC_DsAlgoHomeTest" name="verifyTreePageNav_AfterLogin" time="1.627"/>
  <testcase classname="com.dsAlgo.testCases.TC_DsAlgoHomeTest" name="verifyArrayPageNav_BeforeLogin" time="0.354"/>
  <testcase classname="com.dsAlgo.testCases.TC_DsAlgoHomeTest" name="verifyArrayPageNav_AfterLogin" time="1.343"/>
  <testcase classname="com.dsAlgo.testCases.TC_DsAlgoLoginTest" name="loginTest" time="1.712"/>
  <testcase classname="com.dsAlgo.testCases.TC_DsAlgoLoginTest" name="loginTest" time="0.605"/>
  <testcase classname="com.dsAlgo.testCases.TC_DsAlgoLoginTest" name="loginTest" time="0.464"/>
  <testcase classname="com.dsAlgo.testCases.TC_DsAlgoLoginTest" name="loginTest" time="0.486"/>
  <testcase classname="com.dsAlgo.testCases.TC_DsAlgoArrayTest" name="testArray" time="3.421"/>
  <testcase classname="com.dsAlgo.testCases.TC_DsAlgoTreeTest" name="VerifyOverviewOfTrees" time="6.037"/>
  <testcase classname="com.dsAlgo.testCases.TC_DsAlgoTreeTest" name="VerifyTerminologies" time="0.631"/>
  <testcase classname="com.dsAlgo.testCases.TC_DsAlgoTreeTest" name="VerifyTreeTraversals" time="0.71"/>
  <testcase classname="com.dsAlgo.testCases.TC_DsAlgoTreeTest" name="VerifyTypesOfTrees" time="1.078"/>
  <testcase classname="com.dsAlgo.testCases.TC_DsAlgoTreeTest" name="verifyAppOfBinaryTrees" time="0.629"/>
  <testcase classname="com.dsAlgo.testCases.TC_DsAlgoTreeTest" name="verifyBST" time="0.801"/>
  <testcase classname="com.dsAlgo.testCases.TC_DsAlgoTreeTest" name="verifyBinaryTreeTraversals" time="0.66"/>
  <testcase classname="com.dsAlgo.testCases.TC_DsAlgoTreeTest" name="verifyBinaryTrees" time="1.029"/>
  <testcase classname="com.dsAlgo.testCases.TC_DsAlgoTreeTest" name="verifyImpInBinaryTrees" time="0.703"/>
  <testcase classname="com.dsAlgo.testCases.TC_DsAlgoTreeTest" name="verifyImpInPython" time="0.56"/>
  <testcase classname="com.dsAlgo.testCases.TC_DsAlgoTreeTest" name="verifyImpOfBST" time="0.606"/>
  <testcase classname="com.dsAlgo.testCases.TC_DsAlgoTreeTest" name="verifyTraversalsIllustration" time="0.688"/>
  <testcase classname="com.dsAlgo.testCases.TC_DsAlgoTreeTest" name="verifyTypesOfBinaryTrees" time="0.744"/>
  <testcase classname="com.dsAlgo.testCases.TC_DsAlgoRegisterTest" name="VerifyRegisterWithEmptyFields" time="1.075"/>
  <testcase classname="com.dsAlgo.testCases.TC_DsAlgoRegisterTest" name="registerTest" time="0.414"/>
  <testcase classname="com.dsAlgo.testCases.TC_DsAlgoRegisterTest" name="registerTest" time="0.361"/>
  <testcase classname="com.dsAlgo.testCases.TC_DsAlgoRegisterTest" name="registerTest" time="0.393"/>
  <testcase classname="com.dsAlgo.testCases.TC_DsAlgoRegisterTest" name="registerTest" time="0.41"/>
  <testcase classname="com.dsAlgo.testCases.TC_DsAlgoRegisterTest" name="registerTest" time="0.33"/>
  <testcase classname="com.dsAlgo.testCases.TC_DsAlgoRegisterTest" name="registerTest" time="0.396"/>
  <testcase classname="com.dsAlgo.testCases.TC_DsAlgoRegisterTest" name="verifyValidRegisterDetails" time="1.872"/>
  <testcase classname="com.dsAlgo.testCases.TC_DsAlgoPortalTest_001" name="getStartedToHome" time="0.803"/>
</testsuite> <!-- Test -->
