-------------------------------------------------------------------------------
Test set: TestSuite
-------------------------------------------------------------------------------
Tests run: 41, Failures: 1, Errors: 0, Skipped: 0, Time elapsed: 109.246 s <<< FAILURE! - in TestSuite
verifyvalidationMsg(com.dsAlgo.testCases.TC_DsAlgoRegisterTest)  Time elapsed: 2.251 s  <<< FAILURE!
java.lang.AssertionError
	at com.dsAlgo.testCases.TC_DsAlgoRegisterTest.verifyvalidationMsg(TC_DsAlgoRegisterTest.java:267)

