<?xml version="1.0" encoding="UTF-8"?>
<testng-results ignored="0" total="41" passed="40" failed="1" skipped="0">
  <reporter-output>
  </reporter-output>
  <suite started-at="2022-10-21T17:19:05 EDT" name="Surefire suite" finished-at="2022-10-21T17:20:52 EDT" duration-ms="107111">
    <groups>
    </groups>
    <test started-at="2022-10-21T17:19:05 EDT" name="Surefire test" finished-at="2022-10-21T17:20:52 EDT" duration-ms="107111">
      <class name="com.dsAlgo.testCases.TC_DsAlgoLoginTest">
        <test-method is-config="true" signature="setup()[pri:0, instance:com.dsAlgo.testCases.TC_DsAlgoLoginTest@4d02f94e]" started-at="2022-10-21T17:19:53 EDT" name="setup" finished-at="2022-10-21T17:19:57 EDT" duration-ms="4217" status="PASS">
          <reporter-output>
          </reporter-output>
        </test-method> <!-- setup -->
        <test-method signature="loginTest(java.lang.String,java.lang.String,java.lang.String)[pri:0, instance:com.dsAlgo.testCases.TC_DsAlgoLoginTest@4d02f94e]" started-at="2022-10-21T17:19:58 EDT" name="loginTest" data-provider="LoginData" finished-at="2022-10-21T17:20:00 EDT" duration-ms="2185" status="PASS">
          <params>
            <param index="0">
              <value>
                <![CDATA[sridevi]]>
              </value>
            </param>
            <param index="1">
              <value>
                <![CDATA[Dsalgo@123]]>
              </value>
            </param>
            <param index="2">
              <value>
                <![CDATA[valid]]>
              </value>
            </param>
          </params>
          <reporter-output>
          </reporter-output>
        </test-method> <!-- loginTest -->
        <test-method signature="loginTest(java.lang.String,java.lang.String,java.lang.String)[pri:0, instance:com.dsAlgo.testCases.TC_DsAlgoLoginTest@4d02f94e]" started-at="2022-10-21T17:20:00 EDT" name="loginTest" data-provider="LoginData" finished-at="2022-10-21T17:20:00 EDT" duration-ms="599" status="PASS">
          <params>
            <param index="0">
              <value>
                <![CDATA[hhghgg]]>
              </value>
            </param>
            <param index="1">
              <value>
                <![CDATA[Dsalgo@123]]>
              </value>
            </param>
            <param index="2">
              <value>
                <![CDATA[invalid]]>
              </value>
            </param>
          </params>
          <reporter-output>
          </reporter-output>
        </test-method> <!-- loginTest -->
        <test-method signature="loginTest(java.lang.String,java.lang.String,java.lang.String)[pri:0, instance:com.dsAlgo.testCases.TC_DsAlgoLoginTest@4d02f94e]" started-at="2022-10-21T17:20:00 EDT" name="loginTest" data-provider="LoginData" finished-at="2022-10-21T17:20:01 EDT" duration-ms="400" status="PASS">
          <params>
            <param index="0">
              <value>
                <![CDATA[sridevi]]>
              </value>
            </param>
            <param index="1">
              <value>
                <![CDATA[hjkhvhjv]]>
              </value>
            </param>
            <param index="2">
              <value>
                <![CDATA[invalid]]>
              </value>
            </param>
          </params>
          <reporter-output>
          </reporter-output>
        </test-method> <!-- loginTest -->
        <test-method signature="loginTest(java.lang.String,java.lang.String,java.lang.String)[pri:0, instance:com.dsAlgo.testCases.TC_DsAlgoLoginTest@4d02f94e]" started-at="2022-10-21T17:20:01 EDT" name="loginTest" data-provider="LoginData" finished-at="2022-10-21T17:20:01 EDT" duration-ms="413" status="PASS">
          <params>
            <param index="0">
              <value>
                <![CDATA[xddvfgdgf]]>
              </value>
            </param>
            <param index="1">
              <value>
                <![CDATA[bgbgbgfbgfb]]>
              </value>
            </param>
            <param index="2">
              <value>
                <![CDATA[invalid]]>
              </value>
            </param>
          </params>
          <reporter-output>
          </reporter-output>
        </test-method> <!-- loginTest -->
        <test-method is-config="true" signature="tearDown()[pri:0, instance:com.dsAlgo.testCases.TC_DsAlgoLoginTest@4d02f94e]" started-at="2022-10-21T17:20:01 EDT" name="tearDown" finished-at="2022-10-21T17:20:02 EDT" duration-ms="197" status="PASS">
          <reporter-output>
          </reporter-output>
        </test-method> <!-- tearDown -->
      </class> <!-- com.dsAlgo.testCases.TC_DsAlgoLoginTest -->
      <class name="com.dsAlgo.testCases.TC_DsAlgoTreeTest">
        <test-method is-config="true" signature="setup()[pri:0, instance:com.dsAlgo.testCases.TC_DsAlgoTreeTest@7a419da4]" started-at="2022-10-21T17:20:31 EDT" name="setup" finished-at="2022-10-21T17:20:35 EDT" duration-ms="4451" status="PASS">
          <reporter-output>
          </reporter-output>
        </test-method> <!-- setup -->
        <test-method is-config="true" signature="loggerObj()[pri:0, instance:com.dsAlgo.testCases.TC_DsAlgoTreeTest@7a419da4]" started-at="2022-10-21T17:20:35 EDT" name="loggerObj" finished-at="2022-10-21T17:20:35 EDT" duration-ms="1" status="PASS">
          <reporter-output>
          </reporter-output>
        </test-method> <!-- loggerObj -->
        <test-method is-config="true" signature="clients()[pri:0, instance:com.dsAlgo.testCases.TC_DsAlgoTreeTest@7a419da4]" started-at="2022-10-21T17:20:35 EDT" name="clients" finished-at="2022-10-21T17:20:35 EDT" duration-ms="3" status="PASS">
          <reporter-output>
          </reporter-output>
        </test-method> <!-- clients -->
        <test-method signature="VerifyOverviewOfTrees()[pri:0, instance:com.dsAlgo.testCases.TC_DsAlgoTreeTest@7a419da4]" started-at="2022-10-21T17:20:35 EDT" name="VerifyOverviewOfTrees" finished-at="2022-10-21T17:20:39 EDT" duration-ms="3512" status="PASS">
          <reporter-output>
          </reporter-output>
        </test-method> <!-- VerifyOverviewOfTrees -->
        <test-method is-config="true" signature="clients()[pri:0, instance:com.dsAlgo.testCases.TC_DsAlgoTreeTest@7a419da4]" started-at="2022-10-21T17:20:39 EDT" name="clients" finished-at="2022-10-21T17:20:39 EDT" duration-ms="1" status="PASS">
          <reporter-output>
          </reporter-output>
        </test-method> <!-- clients -->
        <test-method signature="VerifyTerminologies()[pri:0, instance:com.dsAlgo.testCases.TC_DsAlgoTreeTest@7a419da4]" started-at="2022-10-21T17:20:39 EDT" name="VerifyTerminologies" finished-at="2022-10-21T17:20:40 EDT" duration-ms="866" status="PASS">
          <reporter-output>
          </reporter-output>
        </test-method> <!-- VerifyTerminologies -->
        <test-method is-config="true" signature="clients()[pri:0, instance:com.dsAlgo.testCases.TC_DsAlgoTreeTest@7a419da4]" started-at="2022-10-21T17:20:40 EDT" name="clients" finished-at="2022-10-21T17:20:40 EDT" duration-ms="2" status="PASS">
          <reporter-output>
          </reporter-output>
        </test-method> <!-- clients -->
        <test-method signature="VerifyTreeTraversals()[pri:0, instance:com.dsAlgo.testCases.TC_DsAlgoTreeTest@7a419da4]" started-at="2022-10-21T17:20:40 EDT" name="VerifyTreeTraversals" finished-at="2022-10-21T17:20:41 EDT" duration-ms="1122" status="PASS">
          <reporter-output>
          </reporter-output>
        </test-method> <!-- VerifyTreeTraversals -->
        <test-method is-config="true" signature="clients()[pri:0, instance:com.dsAlgo.testCases.TC_DsAlgoTreeTest@7a419da4]" started-at="2022-10-21T17:20:41 EDT" name="clients" finished-at="2022-10-21T17:20:41 EDT" duration-ms="4" status="PASS">
          <reporter-output>
          </reporter-output>
        </test-method> <!-- clients -->
        <test-method signature="VerifyTypesOfTrees()[pri:0, instance:com.dsAlgo.testCases.TC_DsAlgoTreeTest@7a419da4]" started-at="2022-10-21T17:20:41 EDT" name="VerifyTypesOfTrees" finished-at="2022-10-21T17:20:42 EDT" duration-ms="912" status="PASS">
          <reporter-output>
          </reporter-output>
        </test-method> <!-- VerifyTypesOfTrees -->
        <test-method is-config="true" signature="clients()[pri:0, instance:com.dsAlgo.testCases.TC_DsAlgoTreeTest@7a419da4]" started-at="2022-10-21T17:20:42 EDT" name="clients" finished-at="2022-10-21T17:20:42 EDT" duration-ms="2" status="PASS">
          <reporter-output>
          </reporter-output>
        </test-method> <!-- clients -->
        <test-method signature="verifyAppOfBinaryTrees()[pri:0, instance:com.dsAlgo.testCases.TC_DsAlgoTreeTest@7a419da4]" started-at="2022-10-21T17:20:42 EDT" name="verifyAppOfBinaryTrees" finished-at="2022-10-21T17:20:43 EDT" duration-ms="1016" status="PASS">
          <reporter-output>
          </reporter-output>
        </test-method> <!-- verifyAppOfBinaryTrees -->
        <test-method is-config="true" signature="clients()[pri:0, instance:com.dsAlgo.testCases.TC_DsAlgoTreeTest@7a419da4]" started-at="2022-10-21T17:20:43 EDT" name="clients" finished-at="2022-10-21T17:20:43 EDT" duration-ms="1" status="PASS">
          <reporter-output>
          </reporter-output>
        </test-method> <!-- clients -->
        <test-method signature="verifyBST()[pri:0, instance:com.dsAlgo.testCases.TC_DsAlgoTreeTest@7a419da4]" started-at="2022-10-21T17:20:43 EDT" name="verifyBST" finished-at="2022-10-21T17:20:44 EDT" duration-ms="1193" status="PASS">
          <reporter-output>
          </reporter-output>
        </test-method> <!-- verifyBST -->
        <test-method is-config="true" signature="clients()[pri:0, instance:com.dsAlgo.testCases.TC_DsAlgoTreeTest@7a419da4]" started-at="2022-10-21T17:20:44 EDT" name="clients" finished-at="2022-10-21T17:20:44 EDT" duration-ms="3" status="PASS">
          <reporter-output>
          </reporter-output>
        </test-method> <!-- clients -->
        <test-method signature="verifyBinaryTreeTraversals()[pri:0, instance:com.dsAlgo.testCases.TC_DsAlgoTreeTest@7a419da4]" started-at="2022-10-21T17:20:44 EDT" name="verifyBinaryTreeTraversals" finished-at="2022-10-21T17:20:46 EDT" duration-ms="1186" status="PASS">
          <reporter-output>
          </reporter-output>
        </test-method> <!-- verifyBinaryTreeTraversals -->
        <test-method is-config="true" signature="clients()[pri:0, instance:com.dsAlgo.testCases.TC_DsAlgoTreeTest@7a419da4]" started-at="2022-10-21T17:20:46 EDT" name="clients" finished-at="2022-10-21T17:20:46 EDT" duration-ms="1" status="PASS">
          <reporter-output>
          </reporter-output>
        </test-method> <!-- clients -->
        <test-method signature="verifyBinaryTrees()[pri:0, instance:com.dsAlgo.testCases.TC_DsAlgoTreeTest@7a419da4]" started-at="2022-10-21T17:20:46 EDT" name="verifyBinaryTrees" finished-at="2022-10-21T17:20:46 EDT" duration-ms="889" status="PASS">
          <reporter-output>
          </reporter-output>
        </test-method> <!-- verifyBinaryTrees -->
        <test-method is-config="true" signature="clients()[pri:0, instance:com.dsAlgo.testCases.TC_DsAlgoTreeTest@7a419da4]" started-at="2022-10-21T17:20:46 EDT" name="clients" finished-at="2022-10-21T17:20:46 EDT" duration-ms="1" status="PASS">
          <reporter-output>
          </reporter-output>
        </test-method> <!-- clients -->
        <test-method signature="verifyImpInBinaryTrees()[pri:0, instance:com.dsAlgo.testCases.TC_DsAlgoTreeTest@7a419da4]" started-at="2022-10-21T17:20:46 EDT" name="verifyImpInBinaryTrees" finished-at="2022-10-21T17:20:48 EDT" duration-ms="1054" status="PASS">
          <reporter-output>
          </reporter-output>
        </test-method> <!-- verifyImpInBinaryTrees -->
        <test-method is-config="true" signature="clients()[pri:0, instance:com.dsAlgo.testCases.TC_DsAlgoTreeTest@7a419da4]" started-at="2022-10-21T17:20:48 EDT" name="clients" finished-at="2022-10-21T17:20:48 EDT" duration-ms="3" status="PASS">
          <reporter-output>
          </reporter-output>
        </test-method> <!-- clients -->
        <test-method signature="verifyImpInPython()[pri:0, instance:com.dsAlgo.testCases.TC_DsAlgoTreeTest@7a419da4]" started-at="2022-10-21T17:20:48 EDT" name="verifyImpInPython" finished-at="2022-10-21T17:20:48 EDT" duration-ms="853" status="PASS">
          <reporter-output>
          </reporter-output>
        </test-method> <!-- verifyImpInPython -->
        <test-method is-config="true" signature="clients()[pri:0, instance:com.dsAlgo.testCases.TC_DsAlgoTreeTest@7a419da4]" started-at="2022-10-21T17:20:48 EDT" name="clients" finished-at="2022-10-21T17:20:48 EDT" duration-ms="1" status="PASS">
          <reporter-output>
          </reporter-output>
        </test-method> <!-- clients -->
        <test-method signature="verifyImpOfBST()[pri:0, instance:com.dsAlgo.testCases.TC_DsAlgoTreeTest@7a419da4]" started-at="2022-10-21T17:20:48 EDT" name="verifyImpOfBST" finished-at="2022-10-21T17:20:49 EDT" duration-ms="885" status="PASS">
          <reporter-output>
          </reporter-output>
        </test-method> <!-- verifyImpOfBST -->
        <test-method is-config="true" signature="clients()[pri:0, instance:com.dsAlgo.testCases.TC_DsAlgoTreeTest@7a419da4]" started-at="2022-10-21T17:20:49 EDT" name="clients" finished-at="2022-10-21T17:20:49 EDT" duration-ms="2" status="PASS">
          <reporter-output>
          </reporter-output>
        </test-method> <!-- clients -->
        <test-method signature="verifyTraversalsIllustration()[pri:0, instance:com.dsAlgo.testCases.TC_DsAlgoTreeTest@7a419da4]" started-at="2022-10-21T17:20:49 EDT" name="verifyTraversalsIllustration" finished-at="2022-10-21T17:20:50 EDT" duration-ms="1003" status="PASS">
          <reporter-output>
          </reporter-output>
        </test-method> <!-- verifyTraversalsIllustration -->
        <test-method is-config="true" signature="clients()[pri:0, instance:com.dsAlgo.testCases.TC_DsAlgoTreeTest@7a419da4]" started-at="2022-10-21T17:20:50 EDT" name="clients" finished-at="2022-10-21T17:20:50 EDT" duration-ms="3" status="PASS">
          <reporter-output>
          </reporter-output>
        </test-method> <!-- clients -->
        <test-method signature="verifyTypesOfBinaryTrees()[pri:0, instance:com.dsAlgo.testCases.TC_DsAlgoTreeTest@7a419da4]" started-at="2022-10-21T17:20:50 EDT" name="verifyTypesOfBinaryTrees" finished-at="2022-10-21T17:20:51 EDT" duration-ms="888" status="PASS">
          <reporter-output>
          </reporter-output>
        </test-method> <!-- verifyTypesOfBinaryTrees -->
        <test-method is-config="true" signature="tearDown()[pri:0, instance:com.dsAlgo.testCases.TC_DsAlgoTreeTest@7a419da4]" started-at="2022-10-21T17:20:51 EDT" name="tearDown" finished-at="2022-10-21T17:20:52 EDT" duration-ms="410" status="PASS">
          <reporter-output>
          </reporter-output>
        </test-method> <!-- tearDown -->
      </class> <!-- com.dsAlgo.testCases.TC_DsAlgoTreeTest -->
      <class name="com.dsAlgo.testCases.TC_DsAlgoRegisterTest">
        <test-method is-config="true" signature="setup()[pri:0, instance:com.dsAlgo.testCases.TC_DsAlgoRegisterTest@1e683a3e]" started-at="2022-10-21T17:20:16 EDT" name="setup" finished-at="2022-10-21T17:20:22 EDT" duration-ms="5585" status="PASS">
          <reporter-output>
          </reporter-output>
        </test-method> <!-- setup -->
        <test-method is-config="true" signature="clients()[pri:0, instance:com.dsAlgo.testCases.TC_DsAlgoRegisterTest@1e683a3e]" started-at="2022-10-21T17:20:22 EDT" name="clients" finished-at="2022-10-21T17:20:22 EDT" duration-ms="3" status="PASS">
          <reporter-output>
          </reporter-output>
        </test-method> <!-- clients -->
        <test-method signature="VerifyRegisterWithEmptyFields()[pri:0, instance:com.dsAlgo.testCases.TC_DsAlgoRegisterTest@1e683a3e]" started-at="2022-10-21T17:20:22 EDT" name="VerifyRegisterWithEmptyFields" finished-at="2022-10-21T17:20:24 EDT" duration-ms="2257" status="PASS">
          <reporter-output>
          </reporter-output>
        </test-method> <!-- VerifyRegisterWithEmptyFields -->
        <test-method is-config="true" signature="clients()[pri:0, instance:com.dsAlgo.testCases.TC_DsAlgoRegisterTest@1e683a3e]" started-at="2022-10-21T17:20:25 EDT" name="clients" finished-at="2022-10-21T17:20:25 EDT" duration-ms="1" status="PASS">
          <reporter-output>
          </reporter-output>
        </test-method> <!-- clients -->
        <test-method signature="registerTest(java.lang.String,java.lang.String,java.lang.String,java.lang.String)[pri:0, instance:com.dsAlgo.testCases.TC_DsAlgoRegisterTest@1e683a3e]" started-at="2022-10-21T17:20:25 EDT" name="registerTest" data-provider="registerData" finished-at="2022-10-21T17:20:26 EDT" duration-ms="409" status="PASS">
          <params>
            <param index="0">
              <value>
                <![CDATA[test105]]>
              </value>
            </param>
            <param index="1">
              <value>
                <![CDATA[Test@123]]>
              </value>
            </param>
            <param index="2">
              <value>
                <![CDATA[Test@123]]>
              </value>
            </param>
            <param index="3">
              <value>
                <![CDATA[invalid]]>
              </value>
            </param>
          </params>
          <reporter-output>
          </reporter-output>
        </test-method> <!-- registerTest -->
        <test-method is-config="true" signature="clients()[pri:0, instance:com.dsAlgo.testCases.TC_DsAlgoRegisterTest@1e683a3e]" started-at="2022-10-21T17:20:26 EDT" name="clients" finished-at="2022-10-21T17:20:26 EDT" duration-ms="0" status="PASS">
          <reporter-output>
          </reporter-output>
        </test-method> <!-- clients -->
        <test-method signature="registerTest(java.lang.String,java.lang.String,java.lang.String,java.lang.String)[pri:0, instance:com.dsAlgo.testCases.TC_DsAlgoRegisterTest@1e683a3e]" started-at="2022-10-21T17:20:26 EDT" name="registerTest" data-provider="registerData" finished-at="2022-10-21T17:20:26 EDT" duration-ms="349" status="PASS">
          <params>
            <param index="0">
              <value>
                <![CDATA[sdfsdf(op]]>
              </value>
            </param>
            <param index="1">
              <value>
                <![CDATA[Test@123]]>
              </value>
            </param>
            <param index="2">
              <value>
                <![CDATA[Test@123]]>
              </value>
            </param>
            <param index="3">
              <value>
                <![CDATA[invalid]]>
              </value>
            </param>
          </params>
          <reporter-output>
          </reporter-output>
        </test-method> <!-- registerTest -->
        <test-method is-config="true" signature="clients()[pri:0, instance:com.dsAlgo.testCases.TC_DsAlgoRegisterTest@1e683a3e]" started-at="2022-10-21T17:20:26 EDT" name="clients" finished-at="2022-10-21T17:20:26 EDT" duration-ms="0" status="PASS">
          <reporter-output>
          </reporter-output>
        </test-method> <!-- clients -->
        <test-method signature="registerTest(java.lang.String,java.lang.String,java.lang.String,java.lang.String)[pri:0, instance:com.dsAlgo.testCases.TC_DsAlgoRegisterTest@1e683a3e]" started-at="2022-10-21T17:20:26 EDT" name="registerTest" data-provider="registerData" finished-at="2022-10-21T17:20:26 EDT" duration-ms="393" status="PASS">
          <params>
            <param index="0">
              <value>
                <![CDATA[test101]]>
              </value>
            </param>
            <param index="1">
              <value>
                <![CDATA[789456123]]>
              </value>
            </param>
            <param index="2">
              <value>
                <![CDATA[789456123]]>
              </value>
            </param>
            <param index="3">
              <value>
                <![CDATA[invalid]]>
              </value>
            </param>
          </params>
          <reporter-output>
          </reporter-output>
        </test-method> <!-- registerTest -->
        <test-method is-config="true" signature="clients()[pri:0, instance:com.dsAlgo.testCases.TC_DsAlgoRegisterTest@1e683a3e]" started-at="2022-10-21T17:20:26 EDT" name="clients" finished-at="2022-10-21T17:20:26 EDT" duration-ms="1" status="PASS">
          <reporter-output>
          </reporter-output>
        </test-method> <!-- clients -->
        <test-method signature="registerTest(java.lang.String,java.lang.String,java.lang.String,java.lang.String)[pri:0, instance:com.dsAlgo.testCases.TC_DsAlgoRegisterTest@1e683a3e]" started-at="2022-10-21T17:20:26 EDT" name="registerTest" data-provider="registerData" finished-at="2022-10-21T17:20:27 EDT" duration-ms="398" status="PASS">
          <params>
            <param index="0">
              <value>
                <![CDATA[test101]]>
              </value>
            </param>
            <param index="1">
              <value>
                <![CDATA[Test@123]]>
              </value>
            </param>
            <param index="2">
              <value>
                <![CDATA[Test@124]]>
              </value>
            </param>
            <param index="3">
              <value>
                <![CDATA[invalid]]>
              </value>
            </param>
          </params>
          <reporter-output>
          </reporter-output>
        </test-method> <!-- registerTest -->
        <test-method is-config="true" signature="clients()[pri:0, instance:com.dsAlgo.testCases.TC_DsAlgoRegisterTest@1e683a3e]" started-at="2022-10-21T17:20:27 EDT" name="clients" finished-at="2022-10-21T17:20:27 EDT" duration-ms="0" status="PASS">
          <reporter-output>
          </reporter-output>
        </test-method> <!-- clients -->
        <test-method signature="registerTest(java.lang.String,java.lang.String,java.lang.String,java.lang.String)[pri:0, instance:com.dsAlgo.testCases.TC_DsAlgoRegisterTest@1e683a3e]" started-at="2022-10-21T17:20:27 EDT" name="registerTest" data-provider="registerData" finished-at="2022-10-21T17:20:27 EDT" duration-ms="458" status="PASS">
          <params>
            <param index="0">
              <value>
                <![CDATA[test101]]>
              </value>
            </param>
            <param index="1">
              <value>
                <![CDATA[Test@1]]>
              </value>
            </param>
            <param index="2">
              <value>
                <![CDATA[Test@1]]>
              </value>
            </param>
            <param index="3">
              <value>
                <![CDATA[invalid]]>
              </value>
            </param>
          </params>
          <reporter-output>
          </reporter-output>
        </test-method> <!-- registerTest -->
        <test-method is-config="true" signature="clients()[pri:0, instance:com.dsAlgo.testCases.TC_DsAlgoRegisterTest@1e683a3e]" started-at="2022-10-21T17:20:27 EDT" name="clients" finished-at="2022-10-21T17:20:27 EDT" duration-ms="1" status="PASS">
          <reporter-output>
          </reporter-output>
        </test-method> <!-- clients -->
        <test-method signature="registerTest(java.lang.String,java.lang.String,java.lang.String,java.lang.String)[pri:0, instance:com.dsAlgo.testCases.TC_DsAlgoRegisterTest@1e683a3e]" started-at="2022-10-21T17:20:27 EDT" name="registerTest" data-provider="registerData" finished-at="2022-10-21T17:20:28 EDT" duration-ms="400" status="PASS">
          <params>
            <param index="0">
              <value>
                <![CDATA[test12334//]]>
              </value>
            </param>
            <param index="1">
              <value>
                <![CDATA[Test@123]]>
              </value>
            </param>
            <param index="2">
              <value>
                <![CDATA[Test@123]]>
              </value>
            </param>
            <param index="3">
              <value>
                <![CDATA[invalid]]>
              </value>
            </param>
          </params>
          <reporter-output>
          </reporter-output>
        </test-method> <!-- registerTest -->
        <test-method is-config="true" signature="clients()[pri:0, instance:com.dsAlgo.testCases.TC_DsAlgoRegisterTest@1e683a3e]" started-at="2022-10-21T17:20:28 EDT" name="clients" finished-at="2022-10-21T17:20:28 EDT" duration-ms="0" status="PASS">
          <reporter-output>
          </reporter-output>
        </test-method> <!-- clients -->
        <test-method signature="verifyValidRegisterDetails()[pri:0, instance:com.dsAlgo.testCases.TC_DsAlgoRegisterTest@1e683a3e]" started-at="2022-10-21T17:20:28 EDT" name="verifyValidRegisterDetails" finished-at="2022-10-21T17:20:28 EDT" duration-ms="920" status="PASS">
          <reporter-output>
          </reporter-output>
        </test-method> <!-- verifyValidRegisterDetails -->
        <test-method is-config="true" signature="clients()[pri:0, instance:com.dsAlgo.testCases.TC_DsAlgoRegisterTest@1e683a3e]" started-at="2022-10-21T17:20:28 EDT" name="clients" finished-at="2022-10-21T17:20:28 EDT" duration-ms="1" status="PASS">
          <reporter-output>
          </reporter-output>
        </test-method> <!-- clients -->
        <test-method signature="verifyvalidationMsg()[pri:0, instance:com.dsAlgo.testCases.TC_DsAlgoRegisterTest@1e683a3e]" started-at="2022-10-21T17:20:28 EDT" name="verifyvalidationMsg" finished-at="2022-10-21T17:20:31 EDT" duration-ms="2186" status="FAIL">
          <exception class="java.lang.AssertionError">
            <full-stacktrace>
              <![CDATA[java.lang.AssertionError
at org.junit.Assert.fail(Assert.java:86)
at org.junit.Assert.assertTrue(Assert.java:41)
at org.junit.Assert.assertTrue(Assert.java:52)
at com.dsAlgo.testCases.TC_DsAlgoRegisterTest.verifyvalidationMsg(TC_DsAlgoRegisterTest.java:267)
at java.base/jdk.internal.reflect.NativeMethodAccessorImpl.invoke0(Native Method)
at java.base/jdk.internal.reflect.NativeMethodAccessorImpl.invoke(NativeMethodAccessorImpl.java:77)
at java.base/jdk.internal.reflect.DelegatingMethodAccessorImpl.invoke(DelegatingMethodAccessorImpl.java:43)
at java.base/java.lang.reflect.Method.invoke(Method.java:568)
at org.testng.internal.invokers.MethodInvocationHelper.invokeMethod(MethodInvocationHelper.java:135)
at org.testng.internal.invokers.TestInvoker.invokeMethod(TestInvoker.java:673)
at org.testng.internal.invokers.TestInvoker.invokeTestMethod(TestInvoker.java:220)
at org.testng.internal.invokers.MethodRunner.runInSequence(MethodRunner.java:50)
at org.testng.internal.invokers.TestInvoker$MethodInvocationAgent.invoke(TestInvoker.java:945)
at org.testng.internal.invokers.TestInvoker.invokeTestMethods(TestInvoker.java:193)
at org.testng.internal.invokers.TestMethodWorker.invokeTestMethods(TestMethodWorker.java:146)
at org.testng.internal.invokers.TestMethodWorker.run(TestMethodWorker.java:128)
at java.base/java.util.ArrayList.forEach(ArrayList.java:1511)
at org.testng.TestRunner.privateRun(TestRunner.java:808)
at org.testng.TestRunner.run(TestRunner.java:603)
at org.testng.SuiteRunner.runTest(SuiteRunner.java:429)
at org.testng.SuiteRunner.runSequentially(SuiteRunner.java:423)
at org.testng.SuiteRunner.privateRun(SuiteRunner.java:383)
at org.testng.SuiteRunner.run(SuiteRunner.java:326)
at org.testng.SuiteRunnerWorker.runSuite(SuiteRunnerWorker.java:52)
at org.testng.SuiteRunnerWorker.run(SuiteRunnerWorker.java:95)
at org.testng.TestNG.runSuitesSequentially(TestNG.java:1249)
at org.testng.TestNG.runSuitesLocally(TestNG.java:1169)
at org.testng.TestNG.runSuites(TestNG.java:1092)
at org.testng.TestNG.run(TestNG.java:1060)
at org.apache.maven.surefire.testng.TestNGExecutor.run(TestNGExecutor.java:135)
at org.apache.maven.surefire.testng.TestNGDirectoryTestSuite.executeMulti(TestNGDirectoryTestSuite.java:193)
at org.apache.maven.surefire.testng.TestNGDirectoryTestSuite.execute(TestNGDirectoryTestSuite.java:94)
at org.apache.maven.surefire.testng.TestNGProvider.invoke(TestNGProvider.java:146)
at org.apache.maven.surefire.booter.ForkedBooter.invokeProviderInSameClassLoader(ForkedBooter.java:384)
at org.apache.maven.surefire.booter.ForkedBooter.runSuitesInProcess(ForkedBooter.java:345)
at org.apache.maven.surefire.booter.ForkedBooter.execute(ForkedBooter.java:126)
at org.apache.maven.surefire.booter.ForkedBooter.main(ForkedBooter.java:418)
]]>
            </full-stacktrace>
          </exception> <!-- java.lang.AssertionError -->
          <reporter-output>
          </reporter-output>
        </test-method> <!-- verifyvalidationMsg -->
        <test-method is-config="true" signature="tearDown()[pri:0, instance:com.dsAlgo.testCases.TC_DsAlgoRegisterTest@1e683a3e]" started-at="2022-10-21T17:20:31 EDT" name="tearDown" finished-at="2022-10-21T17:20:31 EDT" duration-ms="199" status="PASS">
          <reporter-output>
          </reporter-output>
        </test-method> <!-- tearDown -->
      </class> <!-- com.dsAlgo.testCases.TC_DsAlgoRegisterTest -->
      <class name="com.dsAlgo.testCases.TC_DsAlgoArrayTest">
        <test-method is-config="true" signature="setup()[pri:0, instance:com.dsAlgo.testCases.TC_DsAlgoArrayTest@3514a4c0]" started-at="2022-10-21T17:19:05 EDT" name="setup" finished-at="2022-10-21T17:19:22 EDT" duration-ms="16997" status="PASS">
          <reporter-output>
          </reporter-output>
        </test-method> <!-- setup -->
        <test-method is-config="true" signature="loggerObj()[pri:0, instance:com.dsAlgo.testCases.TC_DsAlgoArrayTest@3514a4c0]" started-at="2022-10-21T17:19:22 EDT" name="loggerObj" finished-at="2022-10-21T17:19:22 EDT" duration-ms="3" status="PASS">
          <reporter-output>
          </reporter-output>
        </test-method> <!-- loggerObj -->
        <test-method is-config="true" signature="clients()[pri:0, instance:com.dsAlgo.testCases.TC_DsAlgoArrayTest@3514a4c0]" started-at="2022-10-21T17:19:22 EDT" name="clients" finished-at="2022-10-21T17:19:22 EDT" duration-ms="34" status="PASS">
          <reporter-output>
          </reporter-output>
        </test-method> <!-- clients -->
        <test-method signature="testArray()[pri:0, instance:com.dsAlgo.testCases.TC_DsAlgoArrayTest@3514a4c0]" started-at="2022-10-21T17:19:22 EDT" name="testArray" finished-at="2022-10-21T17:19:37 EDT" duration-ms="14899" status="PASS">
          <reporter-output>
          </reporter-output>
        </test-method> <!-- testArray -->
        <test-method is-config="true" signature="tearDown()[pri:0, instance:com.dsAlgo.testCases.TC_DsAlgoArrayTest@3514a4c0]" started-at="2022-10-21T17:19:37 EDT" name="tearDown" finished-at="2022-10-21T17:19:37 EDT" duration-ms="212" status="PASS">
          <reporter-output>
          </reporter-output>
        </test-method> <!-- tearDown -->
      </class> <!-- com.dsAlgo.testCases.TC_DsAlgoArrayTest -->
      <class name="com.dsAlgo.testCases.TC_DsAlgoQueueTest">
        <test-method is-config="true" signature="setup()[pri:0, instance:com.dsAlgo.testCases.TC_DsAlgoQueueTest@2b48a640]" started-at="2022-10-21T17:20:02 EDT" name="setup" finished-at="2022-10-21T17:20:05 EDT" duration-ms="3267" status="PASS">
          <reporter-output>
          </reporter-output>
        </test-method> <!-- setup -->
        <test-method is-config="true" signature="loggerObj()[pri:0, instance:com.dsAlgo.testCases.TC_DsAlgoQueueTest@2b48a640]" started-at="2022-10-21T17:20:05 EDT" name="loggerObj" finished-at="2022-10-21T17:20:05 EDT" duration-ms="1" status="PASS">
          <reporter-output>
          </reporter-output>
        </test-method> <!-- loggerObj -->
        <test-method is-config="true" signature="clients()[pri:0, instance:com.dsAlgo.testCases.TC_DsAlgoQueueTest@2b48a640]" started-at="2022-10-21T17:20:05 EDT" name="clients" finished-at="2022-10-21T17:20:05 EDT" duration-ms="1" status="PASS">
          <reporter-output>
          </reporter-output>
        </test-method> <!-- clients -->
        <test-method signature="verifyArrayLink()[pri:0, instance:com.dsAlgo.testCases.TC_DsAlgoQueueTest@2b48a640]" started-at="2022-10-21T17:20:05 EDT" name="verifyArrayLink" finished-at="2022-10-21T17:20:08 EDT" duration-ms="2805" status="PASS">
          <reporter-output>
          </reporter-output>
        </test-method> <!-- verifyArrayLink -->
        <test-method is-config="true" signature="clients()[pri:0, instance:com.dsAlgo.testCases.TC_DsAlgoQueueTest@2b48a640]" started-at="2022-10-21T17:20:08 EDT" name="clients" finished-at="2022-10-21T17:20:08 EDT" duration-ms="0" status="PASS">
          <reporter-output>
          </reporter-output>
        </test-method> <!-- clients -->
        <test-method signature="verifyCollectionsLink()[pri:0, instance:com.dsAlgo.testCases.TC_DsAlgoQueueTest@2b48a640]" started-at="2022-10-21T17:20:08 EDT" name="verifyCollectionsLink" finished-at="2022-10-21T17:20:08 EDT" duration-ms="580" status="PASS">
          <reporter-output>
          </reporter-output>
        </test-method> <!-- verifyCollectionsLink -->
        <test-method is-config="true" signature="clients()[pri:0, instance:com.dsAlgo.testCases.TC_DsAlgoQueueTest@2b48a640]" started-at="2022-10-21T17:20:08 EDT" name="clients" finished-at="2022-10-21T17:20:08 EDT" duration-ms="1" status="PASS">
          <reporter-output>
          </reporter-output>
        </test-method> <!-- clients -->
        <test-method signature="verifyLinkImpQueueInPython()[pri:0, instance:com.dsAlgo.testCases.TC_DsAlgoQueueTest@2b48a640]" started-at="2022-10-21T17:20:08 EDT" name="verifyLinkImpQueueInPython" finished-at="2022-10-21T17:20:08 EDT" duration-ms="296" status="PASS">
          <reporter-output>
          </reporter-output>
        </test-method> <!-- verifyLinkImpQueueInPython -->
        <test-method is-config="true" signature="clients()[pri:0, instance:com.dsAlgo.testCases.TC_DsAlgoQueueTest@2b48a640]" started-at="2022-10-21T17:20:08 EDT" name="clients" finished-at="2022-10-21T17:20:08 EDT" duration-ms="1" status="PASS">
          <reporter-output>
          </reporter-output>
        </test-method> <!-- clients -->
        <test-method signature="verifyPracticeQuestions()[pri:0, instance:com.dsAlgo.testCases.TC_DsAlgoQueueTest@2b48a640]" started-at="2022-10-21T17:20:08 EDT" name="verifyPracticeQuestions" finished-at="2022-10-21T17:20:09 EDT" duration-ms="465" status="PASS">
          <reporter-output>
          </reporter-output>
        </test-method> <!-- verifyPracticeQuestions -->
        <test-method is-config="true" signature="clients()[pri:0, instance:com.dsAlgo.testCases.TC_DsAlgoQueueTest@2b48a640]" started-at="2022-10-21T17:20:09 EDT" name="clients" finished-at="2022-10-21T17:20:09 EDT" duration-ms="1" status="PASS">
          <reporter-output>
          </reporter-output>
        </test-method> <!-- clients -->
        <test-method signature="verifyQueueOperations()[pri:0, instance:com.dsAlgo.testCases.TC_DsAlgoQueueTest@2b48a640]" started-at="2022-10-21T17:20:09 EDT" name="verifyQueueOperations" finished-at="2022-10-21T17:20:10 EDT" duration-ms="691" status="PASS">
          <reporter-output>
          </reporter-output>
        </test-method> <!-- verifyQueueOperations -->
        <test-method is-config="true" signature="clients()[pri:0, instance:com.dsAlgo.testCases.TC_DsAlgoQueueTest@2b48a640]" started-at="2022-10-21T17:20:10 EDT" name="clients" finished-at="2022-10-21T17:20:10 EDT" duration-ms="1" status="PASS">
          <reporter-output>
          </reporter-output>
        </test-method> <!-- clients -->
        <test-method signature="verifyRunBtnFromQueue()[pri:0, instance:com.dsAlgo.testCases.TC_DsAlgoQueueTest@2b48a640]" started-at="2022-10-21T17:20:10 EDT" name="verifyRunBtnFromQueue" finished-at="2022-10-21T17:20:15 EDT" duration-ms="5821" status="PASS">
          <reporter-output>
          </reporter-output>
        </test-method> <!-- verifyRunBtnFromQueue -->
        <test-method is-config="true" signature="tearDown()[pri:0, instance:com.dsAlgo.testCases.TC_DsAlgoQueueTest@2b48a640]" started-at="2022-10-21T17:20:15 EDT" name="tearDown" finished-at="2022-10-21T17:20:16 EDT" duration-ms="529" status="PASS">
          <reporter-output>
          </reporter-output>
        </test-method> <!-- tearDown -->
      </class> <!-- com.dsAlgo.testCases.TC_DsAlgoQueueTest -->
      <class name="com.dsAlgo.testCases.TC_DsAlgoHomeTest">
        <test-method is-config="true" signature="setup()[pri:0, instance:com.dsAlgo.testCases.TC_DsAlgoHomeTest@ea6147e]" started-at="2022-10-21T17:19:37 EDT" name="setup" finished-at="2022-10-21T17:19:42 EDT" duration-ms="5546" status="PASS">
          <reporter-output>
          </reporter-output>
        </test-method> <!-- setup -->
        <test-method is-config="true" signature="loggerObj()[pri:0, instance:com.dsAlgo.testCases.TC_DsAlgoHomeTest@ea6147e]" started-at="2022-10-21T17:19:42 EDT" name="loggerObj" finished-at="2022-10-21T17:19:42 EDT" duration-ms="0" status="PASS">
          <reporter-output>
          </reporter-output>
        </test-method> <!-- loggerObj -->
        <test-method is-config="true" signature="clients()[pri:0, instance:com.dsAlgo.testCases.TC_DsAlgoHomeTest@ea6147e]" started-at="2022-10-21T17:19:42 EDT" name="clients" finished-at="2022-10-21T17:19:42 EDT" duration-ms="1" status="PASS">
          <reporter-output>
          </reporter-output>
        </test-method> <!-- clients -->
        <test-method signature="signIn()[pri:0, instance:com.dsAlgo.testCases.TC_DsAlgoHomeTest@ea6147e]" started-at="2022-10-21T17:19:43 EDT" name="signIn" finished-at="2022-10-21T17:19:45 EDT" duration-ms="2098" status="PASS">
          <reporter-output>
          </reporter-output>
        </test-method> <!-- signIn -->
        <test-method is-config="true" signature="clients()[pri:0, instance:com.dsAlgo.testCases.TC_DsAlgoHomeTest@ea6147e]" started-at="2022-10-21T17:19:45 EDT" name="clients" finished-at="2022-10-21T17:19:45 EDT" duration-ms="2" status="PASS">
          <reporter-output>
          </reporter-output>
        </test-method> <!-- clients -->
        <test-method signature="verifyArrayPageNav_FromDropdown()[pri:0, instance:com.dsAlgo.testCases.TC_DsAlgoHomeTest@ea6147e]" started-at="2022-10-21T17:19:45 EDT" name="verifyArrayPageNav_FromDropdown" finished-at="2022-10-21T17:19:46 EDT" duration-ms="1659" status="PASS">
          <reporter-output>
          </reporter-output>
        </test-method> <!-- verifyArrayPageNav_FromDropdown -->
        <test-method is-config="true" signature="clients()[pri:0, instance:com.dsAlgo.testCases.TC_DsAlgoHomeTest@ea6147e]" started-at="2022-10-21T17:19:46 EDT" name="clients" finished-at="2022-10-21T17:19:46 EDT" duration-ms="2" status="PASS">
          <reporter-output>
          </reporter-output>
        </test-method> <!-- clients -->
        <test-method signature="verifyDropDown()[pri:0, instance:com.dsAlgo.testCases.TC_DsAlgoHomeTest@ea6147e]" started-at="2022-10-21T17:19:46 EDT" name="verifyDropDown" finished-at="2022-10-21T17:19:48 EDT" duration-ms="1088" status="PASS">
          <reporter-output>
          </reporter-output>
        </test-method> <!-- verifyDropDown -->
        <test-method is-config="true" signature="clients()[pri:0, instance:com.dsAlgo.testCases.TC_DsAlgoHomeTest@ea6147e]" started-at="2022-10-21T17:19:48 EDT" name="clients" finished-at="2022-10-21T17:19:48 EDT" duration-ms="0" status="PASS">
          <reporter-output>
          </reporter-output>
        </test-method> <!-- clients -->
        <test-method signature="verifyQueuePageNav_AfterLogin()[pri:0, instance:com.dsAlgo.testCases.TC_DsAlgoHomeTest@ea6147e]" started-at="2022-10-21T17:19:48 EDT" name="verifyQueuePageNav_AfterLogin" finished-at="2022-10-21T17:19:49 EDT" duration-ms="1354" status="PASS">
          <reporter-output>
          </reporter-output>
        </test-method> <!-- verifyQueuePageNav_AfterLogin -->
        <test-method is-config="true" signature="clients()[pri:0, instance:com.dsAlgo.testCases.TC_DsAlgoHomeTest@ea6147e]" started-at="2022-10-21T17:19:49 EDT" name="clients" finished-at="2022-10-21T17:19:49 EDT" duration-ms="1" status="PASS">
          <reporter-output>
          </reporter-output>
        </test-method> <!-- clients -->
        <test-method signature="verifyRegisterLink()[pri:0, instance:com.dsAlgo.testCases.TC_DsAlgoHomeTest@ea6147e]" started-at="2022-10-21T17:19:49 EDT" name="verifyRegisterLink" finished-at="2022-10-21T17:19:49 EDT" duration-ms="365" status="PASS">
          <reporter-output>
          </reporter-output>
        </test-method> <!-- verifyRegisterLink -->
        <test-method is-config="true" signature="clients()[pri:0, instance:com.dsAlgo.testCases.TC_DsAlgoHomeTest@ea6147e]" started-at="2022-10-21T17:19:49 EDT" name="clients" finished-at="2022-10-21T17:19:49 EDT" duration-ms="2" status="PASS">
          <reporter-output>
          </reporter-output>
        </test-method> <!-- clients -->
        <test-method signature="verifyTreePageNav_AfterLogin()[pri:0, instance:com.dsAlgo.testCases.TC_DsAlgoHomeTest@ea6147e]" started-at="2022-10-21T17:19:49 EDT" name="verifyTreePageNav_AfterLogin" finished-at="2022-10-21T17:19:51 EDT" duration-ms="1403" status="PASS">
          <reporter-output>
          </reporter-output>
        </test-method> <!-- verifyTreePageNav_AfterLogin -->
        <test-method is-config="true" signature="clients()[pri:0, instance:com.dsAlgo.testCases.TC_DsAlgoHomeTest@ea6147e]" started-at="2022-10-21T17:19:51 EDT" name="clients" finished-at="2022-10-21T17:19:51 EDT" duration-ms="1" status="PASS">
          <reporter-output>
          </reporter-output>
        </test-method> <!-- clients -->
        <test-method signature="verifyArrayPageNav_BeforeLogin()[pri:1, instance:com.dsAlgo.testCases.TC_DsAlgoHomeTest@ea6147e]" started-at="2022-10-21T17:19:51 EDT" name="verifyArrayPageNav_BeforeLogin" finished-at="2022-10-21T17:19:51 EDT" duration-ms="656" status="PASS">
          <reporter-output>
          </reporter-output>
        </test-method> <!-- verifyArrayPageNav_BeforeLogin -->
        <test-method is-config="true" signature="clients()[pri:0, instance:com.dsAlgo.testCases.TC_DsAlgoHomeTest@ea6147e]" started-at="2022-10-21T17:19:51 EDT" name="clients" finished-at="2022-10-21T17:19:51 EDT" duration-ms="1" status="PASS">
          <reporter-output>
          </reporter-output>
        </test-method> <!-- clients -->
        <test-method signature="verifyArrayPageNav_AfterLogin()[pri:2, instance:com.dsAlgo.testCases.TC_DsAlgoHomeTest@ea6147e]" started-at="2022-10-21T17:19:51 EDT" name="verifyArrayPageNav_AfterLogin" finished-at="2022-10-21T17:19:53 EDT" duration-ms="1217" status="PASS">
          <reporter-output>
          </reporter-output>
        </test-method> <!-- verifyArrayPageNav_AfterLogin -->
        <test-method is-config="true" signature="tearDown()[pri:0, instance:com.dsAlgo.testCases.TC_DsAlgoHomeTest@ea6147e]" started-at="2022-10-21T17:19:53 EDT" name="tearDown" finished-at="2022-10-21T17:19:53 EDT" duration-ms="483" status="PASS">
          <reporter-output>
          </reporter-output>
        </test-method> <!-- tearDown -->
      </class> <!-- com.dsAlgo.testCases.TC_DsAlgoHomeTest -->
    </test> <!-- Surefire test -->
  </suite> <!-- Surefire suite -->
</testng-results>
