<?xml version="1.0" encoding="UTF-8"?>
<testsuite xmlns:xsi="http://www.w3.org/2001/XMLSchema-instance" xsi:noNamespaceSchemaLocation="https://maven.apache.org/surefire/maven-surefire-plugin/xsd/surefire-test-report.xsd" name="TestSuite" time="109.246" tests="41" errors="0" skipped="0" failures="1">
  <properties>
[...]
</properties>
  <testcase name="testArray" classname="com.dsAlgo.testCases.TC_DsAlgoArrayTest" time="14.923"/>
  <testcase name="signIn" classname="com.dsAlgo.testCases.TC_DsAlgoHomeTest" time="2.111"/>
  <testcase name="verifyArrayPageNav_FromDropdown" classname="com.dsAlgo.testCases.TC_DsAlgoHomeTest" time="1.662"/>
  <testcase name="verifyDropDown" classname="com.dsAlgo.testCases.TC_DsAlgoHomeTest" time="1.281"/>
  <testcase name="verifyQueuePageNav_AfterLogin" classname="com.dsAlgo.testCases.TC_DsAlgoHomeTest" time="1.168"/>
  <testcase name="verifyRegisterLink" classname="com.dsAlgo.testCases.TC_DsAlgoHomeTest" time="0.368"/>
  <testcase name="verifyTreePageNav_AfterLogin" classname="com.dsAlgo.testCases.TC_DsAlgoHomeTest" time="1.405"/>
  <testcase name="verifyArrayPageNav_BeforeLogin" classname="com.dsAlgo.testCases.TC_DsAlgoHomeTest" time="0.658"/>
  <testcase name="verifyArrayPageNav_AfterLogin" classname="com.dsAlgo.testCases.TC_DsAlgoHomeTest" time="1.219"/>
  <testcase name="loginTest" classname="com.dsAlgo.testCases.TC_DsAlgoLoginTest" time="2.187"/>
  <testcase name="loginTest" classname="com.dsAlgo.testCases.TC_DsAlgoLoginTest" time="0.601"/>
  <testcase name="loginTest" classname="com.dsAlgo.testCases.TC_DsAlgoLoginTest" time="0.436"/>
  <testcase name="loginTest" classname="com.dsAlgo.testCases.TC_DsAlgoLoginTest" time="0.415"/>
  <testcase name="verifyArrayLink" classname="com.dsAlgo.testCases.TC_DsAlgoQueueTest" time="2.807"/>
  <testcase name="verifyCollectionsLink" classname="com.dsAlgo.testCases.TC_DsAlgoQueueTest" time="0.582"/>
  <testcase name="verifyLinkImpQueueInPython" classname="com.dsAlgo.testCases.TC_DsAlgoQueueTest" time="0.3"/>
  <testcase name="verifyPracticeQuestions" classname="com.dsAlgo.testCases.TC_DsAlgoQueueTest" time="0.467"/>
  <testcase name="verifyQueueOperations" classname="com.dsAlgo.testCases.TC_DsAlgoQueueTest" time="0.693"/>
  <testcase name="verifyRunBtnFromQueue" classname="com.dsAlgo.testCases.TC_DsAlgoQueueTest" time="5.821"/>
  <testcase name="VerifyRegisterWithEmptyFields" classname="com.dsAlgo.testCases.TC_DsAlgoRegisterTest" time="2.277"/>
  <testcase name="registerTest" classname="com.dsAlgo.testCases.TC_DsAlgoRegisterTest" time="0.411"/>
  <testcase name="registerTest" classname="com.dsAlgo.testCases.TC_DsAlgoRegisterTest" time="0.351"/>
  <testcase name="registerTest" classname="com.dsAlgo.testCases.TC_DsAlgoRegisterTest" time="0.394"/>
  <testcase name="registerTest" classname="com.dsAlgo.testCases.TC_DsAlgoRegisterTest" time="0.398"/>
  <testcase name="registerTest" classname="com.dsAlgo.testCases.TC_DsAlgoRegisterTest" time="0.462"/>
  <testcase name="registerTest" classname="com.dsAlgo.testCases.TC_DsAlgoRegisterTest" time="0.402"/>
  <testcase name="verifyValidRegisterDetails" classname="com.dsAlgo.testCases.TC_DsAlgoRegisterTest" time="0.921"/>
  <testcase name="verifyvalidationMsg" classname="com.dsAlgo.testCases.TC_DsAlgoRegisterTest" time="2.251">
    <failure type="java.lang.AssertionError">java.lang.AssertionError
	at com.dsAlgo.testCases.TC_DsAlgoRegisterTest.verifyvalidationMsg(TC_DsAlgoRegisterTest.java:267)
</failure>
    <system-out><![CDATA[[INFO ] 2022-10-21 17:20:29.701 [main] LoggerClass - info :registerTest : In registraion page
[INFO ] 2022-10-21 17:20:29.726 [main] LoggerClass - info :password_mismatch:The two password fields didn’t match.
[INFO ] 2022-10-21 17:20:31.155 [main] LoggerClass - info :Screenshot taken
]]></system-out>
  </testcase>
  <testcase name="VerifyOverviewOfTrees" classname="com.dsAlgo.testCases.TC_DsAlgoTreeTest" time="3.708"/>
  <testcase name="VerifyTerminologies" classname="com.dsAlgo.testCases.TC_DsAlgoTreeTest" time="0.869"/>
  <testcase name="VerifyTreeTraversals" classname="com.dsAlgo.testCases.TC_DsAlgoTreeTest" time="1.126"/>
  <testcase name="VerifyTypesOfTrees" classname="com.dsAlgo.testCases.TC_DsAlgoTreeTest" time="0.957"/>
  <testcase name="verifyAppOfBinaryTrees" classname="com.dsAlgo.testCases.TC_DsAlgoTreeTest" time="1.019"/>
  <testcase name="verifyBST" classname="com.dsAlgo.testCases.TC_DsAlgoTreeTest" time="1.197"/>
  <testcase name="verifyBinaryTreeTraversals" classname="com.dsAlgo.testCases.TC_DsAlgoTreeTest" time="1.189"/>
  <testcase name="verifyBinaryTrees" classname="com.dsAlgo.testCases.TC_DsAlgoTreeTest" time="0.893"/>
  <testcase name="verifyImpInBinaryTrees" classname="com.dsAlgo.testCases.TC_DsAlgoTreeTest" time="1.055"/>
  <testcase name="verifyImpInPython" classname="com.dsAlgo.testCases.TC_DsAlgoTreeTest" time="0.855"/>
  <testcase name="verifyImpOfBST" classname="com.dsAlgo.testCases.TC_DsAlgoTreeTest" time="0.891"/>
  <testcase name="verifyTraversalsIllustration" classname="com.dsAlgo.testCases.TC_DsAlgoTreeTest" time="1.008"/>
  <testcase name="verifyTypesOfBinaryTrees" classname="com.dsAlgo.testCases.TC_DsAlgoTreeTest" time="0.89"/>
</testsuite>