<?xml version="1.0" encoding="UTF-8"?>
<testng-results ignored="0" total="41" passed="40" failed="1" skipped="0">
  <reporter-output>
  </reporter-output>
  <suite started-at="2022-10-21T17:23:42 EDT" name="DsAlgoV1" finished-at="2022-10-21T17:25:35 EDT" duration-ms="112318">
    <groups>
    </groups>
    <test started-at="2022-10-21T17:23:42 EDT" name="Dsalgo Test" finished-at="2022-10-21T17:25:35 EDT" duration-ms="112318">
      <class name="com.dsAlgo.testCases.TC_DsAlgoLoginTest">
        <test-method is-config="true" signature="setup()[pri:0, instance:com.dsAlgo.testCases.TC_DsAlgoLoginTest@72bc6553]" started-at="2022-10-21T17:24:39 EDT" name="setup" finished-at="2022-10-21T17:24:43 EDT" duration-ms="4161" status="PASS">
          <reporter-output>
          </reporter-output>
        </test-method> <!-- setup -->
        <test-method signature="loginTest(java.lang.String,java.lang.String,java.lang.String)[pri:0, instance:com.dsAlgo.testCases.TC_DsAlgoLoginTest@72bc6553]" started-at="2022-10-21T17:24:44 EDT" name="loginTest" data-provider="LoginData" finished-at="2022-10-21T17:24:45 EDT" duration-ms="1626" status="PASS">
          <params>
            <param index="0">
              <value>
                <![CDATA[sridevi]]>
              </value>
            </param>
            <param index="1">
              <value>
                <![CDATA[Dsalgo@123]]>
              </value>
            </param>
            <param index="2">
              <value>
                <![CDATA[valid]]>
              </value>
            </param>
          </params>
          <reporter-output>
          </reporter-output>
        </test-method> <!-- loginTest -->
        <test-method signature="loginTest(java.lang.String,java.lang.String,java.lang.String)[pri:0, instance:com.dsAlgo.testCases.TC_DsAlgoLoginTest@72bc6553]" started-at="2022-10-21T17:24:45 EDT" name="loginTest" data-provider="LoginData" finished-at="2022-10-21T17:24:46 EDT" duration-ms="811" status="PASS">
          <params>
            <param index="0">
              <value>
                <![CDATA[hhghgg]]>
              </value>
            </param>
            <param index="1">
              <value>
                <![CDATA[Dsalgo@123]]>
              </value>
            </param>
            <param index="2">
              <value>
                <![CDATA[invalid]]>
              </value>
            </param>
          </params>
          <reporter-output>
          </reporter-output>
        </test-method> <!-- loginTest -->
        <test-method signature="loginTest(java.lang.String,java.lang.String,java.lang.String)[pri:0, instance:com.dsAlgo.testCases.TC_DsAlgoLoginTest@72bc6553]" started-at="2022-10-21T17:24:46 EDT" name="loginTest" data-provider="LoginData" finished-at="2022-10-21T17:24:47 EDT" duration-ms="417" status="PASS">
          <params>
            <param index="0">
              <value>
                <![CDATA[sridevi]]>
              </value>
            </param>
            <param index="1">
              <value>
                <![CDATA[hjkhvhjv]]>
              </value>
            </param>
            <param index="2">
              <value>
                <![CDATA[invalid]]>
              </value>
            </param>
          </params>
          <reporter-output>
          </reporter-output>
        </test-method> <!-- loginTest -->
        <test-method signature="loginTest(java.lang.String,java.lang.String,java.lang.String)[pri:0, instance:com.dsAlgo.testCases.TC_DsAlgoLoginTest@72bc6553]" started-at="2022-10-21T17:24:47 EDT" name="loginTest" data-provider="LoginData" finished-at="2022-10-21T17:24:47 EDT" duration-ms="411" status="PASS">
          <params>
            <param index="0">
              <value>
                <![CDATA[xddvfgdgf]]>
              </value>
            </param>
            <param index="1">
              <value>
                <![CDATA[bgbgbgfbgfb]]>
              </value>
            </param>
            <param index="2">
              <value>
                <![CDATA[invalid]]>
              </value>
            </param>
          </params>
          <reporter-output>
          </reporter-output>
        </test-method> <!-- loginTest -->
        <test-method is-config="true" signature="tearDown()[pri:0, instance:com.dsAlgo.testCases.TC_DsAlgoLoginTest@72bc6553]" started-at="2022-10-21T17:24:47 EDT" name="tearDown" finished-at="2022-10-21T17:24:47 EDT" duration-ms="252" status="PASS">
          <reporter-output>
          </reporter-output>
        </test-method> <!-- tearDown -->
      </class> <!-- com.dsAlgo.testCases.TC_DsAlgoLoginTest -->
      <class name="com.dsAlgo.testCases.TC_DsAlgoPortalTest_001">
        <test-method is-config="true" signature="setup()[pri:0, instance:com.dsAlgo.testCases.TC_DsAlgoPortalTest_001@433defed]" started-at="2022-10-21T17:23:42 EDT" name="setup" finished-at="2022-10-21T17:24:00 EDT" duration-ms="17606" status="PASS">
          <reporter-output>
          </reporter-output>
        </test-method> <!-- setup -->
        <test-method is-config="true" signature="logggg()[pri:0, instance:com.dsAlgo.testCases.TC_DsAlgoPortalTest_001@433defed]" started-at="2022-10-21T17:24:00 EDT" name="logggg" finished-at="2022-10-21T17:24:00 EDT" duration-ms="19" status="PASS">
          <reporter-output>
          </reporter-output>
        </test-method> <!-- logggg -->
        <test-method signature="getStartedToHome()[pri:0, instance:com.dsAlgo.testCases.TC_DsAlgoPortalTest_001@433defed]" started-at="2022-10-21T17:24:00 EDT" name="getStartedToHome" finished-at="2022-10-21T17:24:02 EDT" duration-ms="1448" status="PASS">
          <reporter-output>
          </reporter-output>
        </test-method> <!-- getStartedToHome -->
        <test-method is-config="true" signature="tearDown()[pri:0, instance:com.dsAlgo.testCases.TC_DsAlgoPortalTest_001@433defed]" started-at="2022-10-21T17:24:02 EDT" name="tearDown" finished-at="2022-10-21T17:24:02 EDT" duration-ms="462" status="PASS">
          <reporter-output>
          </reporter-output>
        </test-method> <!-- tearDown -->
      </class> <!-- com.dsAlgo.testCases.TC_DsAlgoPortalTest_001 -->
      <class name="com.dsAlgo.testCases.TC_DsAlgoTreeTest">
        <test-method is-config="true" signature="setup()[pri:0, instance:com.dsAlgo.testCases.TC_DsAlgoTreeTest@5a59ca5e]" started-at="2022-10-21T17:25:02 EDT" name="setup" finished-at="2022-10-21T17:25:07 EDT" duration-ms="4326" status="PASS">
          <reporter-output>
          </reporter-output>
        </test-method> <!-- setup -->
        <test-method is-config="true" signature="loggerObj()[pri:0, instance:com.dsAlgo.testCases.TC_DsAlgoTreeTest@5a59ca5e]" started-at="2022-10-21T17:25:07 EDT" name="loggerObj" finished-at="2022-10-21T17:25:07 EDT" duration-ms="1" status="PASS">
          <reporter-output>
          </reporter-output>
        </test-method> <!-- loggerObj -->
        <test-method is-config="true" signature="clients()[pri:0, instance:com.dsAlgo.testCases.TC_DsAlgoTreeTest@5a59ca5e]" started-at="2022-10-21T17:25:07 EDT" name="clients" finished-at="2022-10-21T17:25:07 EDT" duration-ms="223" status="PASS">
          <reporter-output>
          </reporter-output>
        </test-method> <!-- clients -->
        <test-method signature="VerifyOverviewOfTrees()[pri:0, instance:com.dsAlgo.testCases.TC_DsAlgoTreeTest@5a59ca5e]" started-at="2022-10-21T17:25:07 EDT" name="VerifyOverviewOfTrees" finished-at="2022-10-21T17:25:12 EDT" duration-ms="5148" status="PASS">
          <reporter-output>
          </reporter-output>
        </test-method> <!-- VerifyOverviewOfTrees -->
        <test-method is-config="true" signature="clients()[pri:0, instance:com.dsAlgo.testCases.TC_DsAlgoTreeTest@5a59ca5e]" started-at="2022-10-21T17:25:12 EDT" name="clients" finished-at="2022-10-21T17:25:12 EDT" duration-ms="0" status="PASS">
          <reporter-output>
          </reporter-output>
        </test-method> <!-- clients -->
        <test-method signature="VerifyTerminologies()[pri:0, instance:com.dsAlgo.testCases.TC_DsAlgoTreeTest@5a59ca5e]" started-at="2022-10-21T17:25:12 EDT" name="VerifyTerminologies" finished-at="2022-10-21T17:25:13 EDT" duration-ms="1328" status="PASS">
          <reporter-output>
          </reporter-output>
        </test-method> <!-- VerifyTerminologies -->
        <test-method is-config="true" signature="clients()[pri:0, instance:com.dsAlgo.testCases.TC_DsAlgoTreeTest@5a59ca5e]" started-at="2022-10-21T17:25:14 EDT" name="clients" finished-at="2022-10-21T17:25:14 EDT" duration-ms="4" status="PASS">
          <reporter-output>
          </reporter-output>
        </test-method> <!-- clients -->
        <test-method signature="VerifyTreeTraversals()[pri:0, instance:com.dsAlgo.testCases.TC_DsAlgoTreeTest@5a59ca5e]" started-at="2022-10-21T17:25:14 EDT" name="VerifyTreeTraversals" finished-at="2022-10-21T17:25:15 EDT" duration-ms="1015" status="PASS">
          <reporter-output>
          </reporter-output>
        </test-method> <!-- VerifyTreeTraversals -->
        <test-method is-config="true" signature="clients()[pri:0, instance:com.dsAlgo.testCases.TC_DsAlgoTreeTest@5a59ca5e]" started-at="2022-10-21T17:25:15 EDT" name="clients" finished-at="2022-10-21T17:25:15 EDT" duration-ms="2" status="PASS">
          <reporter-output>
          </reporter-output>
        </test-method> <!-- clients -->
        <test-method signature="VerifyTypesOfTrees()[pri:0, instance:com.dsAlgo.testCases.TC_DsAlgoTreeTest@5a59ca5e]" started-at="2022-10-21T17:25:15 EDT" name="VerifyTypesOfTrees" finished-at="2022-10-21T17:25:16 EDT" duration-ms="1115" status="PASS">
          <reporter-output>
          </reporter-output>
        </test-method> <!-- VerifyTypesOfTrees -->
        <test-method is-config="true" signature="clients()[pri:0, instance:com.dsAlgo.testCases.TC_DsAlgoTreeTest@5a59ca5e]" started-at="2022-10-21T17:25:16 EDT" name="clients" finished-at="2022-10-21T17:25:16 EDT" duration-ms="2" status="PASS">
          <reporter-output>
          </reporter-output>
        </test-method> <!-- clients -->
        <test-method signature="verifyAppOfBinaryTrees()[pri:0, instance:com.dsAlgo.testCases.TC_DsAlgoTreeTest@5a59ca5e]" started-at="2022-10-21T17:25:16 EDT" name="verifyAppOfBinaryTrees" finished-at="2022-10-21T17:25:17 EDT" duration-ms="1146" status="PASS">
          <reporter-output>
          </reporter-output>
        </test-method> <!-- verifyAppOfBinaryTrees -->
        <test-method is-config="true" signature="clients()[pri:0, instance:com.dsAlgo.testCases.TC_DsAlgoTreeTest@5a59ca5e]" started-at="2022-10-21T17:25:17 EDT" name="clients" finished-at="2022-10-21T17:25:17 EDT" duration-ms="4" status="PASS">
          <reporter-output>
          </reporter-output>
        </test-method> <!-- clients -->
        <test-method signature="verifyBST()[pri:0, instance:com.dsAlgo.testCases.TC_DsAlgoTreeTest@5a59ca5e]" started-at="2022-10-21T17:25:17 EDT" name="verifyBST" finished-at="2022-10-21T17:25:18 EDT" duration-ms="1354" status="PASS">
          <reporter-output>
          </reporter-output>
        </test-method> <!-- verifyBST -->
        <test-method is-config="true" signature="clients()[pri:0, instance:com.dsAlgo.testCases.TC_DsAlgoTreeTest@5a59ca5e]" started-at="2022-10-21T17:25:18 EDT" name="clients" finished-at="2022-10-21T17:25:18 EDT" duration-ms="2" status="PASS">
          <reporter-output>
          </reporter-output>
        </test-method> <!-- clients -->
        <test-method signature="verifyBinaryTreeTraversals()[pri:0, instance:com.dsAlgo.testCases.TC_DsAlgoTreeTest@5a59ca5e]" started-at="2022-10-21T17:25:18 EDT" name="verifyBinaryTreeTraversals" finished-at="2022-10-21T17:25:19 EDT" duration-ms="804" status="PASS">
          <reporter-output>
          </reporter-output>
        </test-method> <!-- verifyBinaryTreeTraversals -->
        <test-method is-config="true" signature="clients()[pri:0, instance:com.dsAlgo.testCases.TC_DsAlgoTreeTest@5a59ca5e]" started-at="2022-10-21T17:25:19 EDT" name="clients" finished-at="2022-10-21T17:25:19 EDT" duration-ms="2" status="PASS">
          <reporter-output>
          </reporter-output>
        </test-method> <!-- clients -->
        <test-method signature="verifyBinaryTrees()[pri:0, instance:com.dsAlgo.testCases.TC_DsAlgoTreeTest@5a59ca5e]" started-at="2022-10-21T17:25:19 EDT" name="verifyBinaryTrees" finished-at="2022-10-21T17:25:20 EDT" duration-ms="945" status="PASS">
          <reporter-output>
          </reporter-output>
        </test-method> <!-- verifyBinaryTrees -->
        <test-method is-config="true" signature="clients()[pri:0, instance:com.dsAlgo.testCases.TC_DsAlgoTreeTest@5a59ca5e]" started-at="2022-10-21T17:25:20 EDT" name="clients" finished-at="2022-10-21T17:25:20 EDT" duration-ms="2" status="PASS">
          <reporter-output>
          </reporter-output>
        </test-method> <!-- clients -->
        <test-method signature="verifyImpInBinaryTrees()[pri:0, instance:com.dsAlgo.testCases.TC_DsAlgoTreeTest@5a59ca5e]" started-at="2022-10-21T17:25:20 EDT" name="verifyImpInBinaryTrees" finished-at="2022-10-21T17:25:21 EDT" duration-ms="717" status="PASS">
          <reporter-output>
          </reporter-output>
        </test-method> <!-- verifyImpInBinaryTrees -->
        <test-method is-config="true" signature="clients()[pri:0, instance:com.dsAlgo.testCases.TC_DsAlgoTreeTest@5a59ca5e]" started-at="2022-10-21T17:25:21 EDT" name="clients" finished-at="2022-10-21T17:25:21 EDT" duration-ms="1" status="PASS">
          <reporter-output>
          </reporter-output>
        </test-method> <!-- clients -->
        <test-method signature="verifyImpInPython()[pri:0, instance:com.dsAlgo.testCases.TC_DsAlgoTreeTest@5a59ca5e]" started-at="2022-10-21T17:25:21 EDT" name="verifyImpInPython" finished-at="2022-10-21T17:25:22 EDT" duration-ms="672" status="PASS">
          <reporter-output>
          </reporter-output>
        </test-method> <!-- verifyImpInPython -->
        <test-method is-config="true" signature="clients()[pri:0, instance:com.dsAlgo.testCases.TC_DsAlgoTreeTest@5a59ca5e]" started-at="2022-10-21T17:25:22 EDT" name="clients" finished-at="2022-10-21T17:25:22 EDT" duration-ms="2" status="PASS">
          <reporter-output>
          </reporter-output>
        </test-method> <!-- clients -->
        <test-method signature="verifyImpOfBST()[pri:0, instance:com.dsAlgo.testCases.TC_DsAlgoTreeTest@5a59ca5e]" started-at="2022-10-21T17:25:22 EDT" name="verifyImpOfBST" finished-at="2022-10-21T17:25:22 EDT" duration-ms="846" status="PASS">
          <reporter-output>
          </reporter-output>
        </test-method> <!-- verifyImpOfBST -->
        <test-method is-config="true" signature="clients()[pri:0, instance:com.dsAlgo.testCases.TC_DsAlgoTreeTest@5a59ca5e]" started-at="2022-10-21T17:25:22 EDT" name="clients" finished-at="2022-10-21T17:25:22 EDT" duration-ms="2" status="PASS">
          <reporter-output>
          </reporter-output>
        </test-method> <!-- clients -->
        <test-method signature="verifyTraversalsIllustration()[pri:0, instance:com.dsAlgo.testCases.TC_DsAlgoTreeTest@5a59ca5e]" started-at="2022-10-21T17:25:22 EDT" name="verifyTraversalsIllustration" finished-at="2022-10-21T17:25:23 EDT" duration-ms="810" status="PASS">
          <reporter-output>
          </reporter-output>
        </test-method> <!-- verifyTraversalsIllustration -->
        <test-method is-config="true" signature="clients()[pri:0, instance:com.dsAlgo.testCases.TC_DsAlgoTreeTest@5a59ca5e]" started-at="2022-10-21T17:25:23 EDT" name="clients" finished-at="2022-10-21T17:25:23 EDT" duration-ms="2" status="PASS">
          <reporter-output>
          </reporter-output>
        </test-method> <!-- clients -->
        <test-method signature="verifyTypesOfBinaryTrees()[pri:0, instance:com.dsAlgo.testCases.TC_DsAlgoTreeTest@5a59ca5e]" started-at="2022-10-21T17:25:23 EDT" name="verifyTypesOfBinaryTrees" finished-at="2022-10-21T17:25:24 EDT" duration-ms="756" status="PASS">
          <reporter-output>
          </reporter-output>
        </test-method> <!-- verifyTypesOfBinaryTrees -->
        <test-method is-config="true" signature="tearDown()[pri:0, instance:com.dsAlgo.testCases.TC_DsAlgoTreeTest@5a59ca5e]" started-at="2022-10-21T17:25:24 EDT" name="tearDown" finished-at="2022-10-21T17:25:25 EDT" duration-ms="630" status="PASS">
          <reporter-output>
          </reporter-output>
        </test-method> <!-- tearDown -->
      </class> <!-- com.dsAlgo.testCases.TC_DsAlgoTreeTest -->
      <class name="com.dsAlgo.testCases.TC_DsAlgoRegisterTest">
        <test-method is-config="true" signature="setup()[pri:0, instance:com.dsAlgo.testCases.TC_DsAlgoRegisterTest@4bdeaabb]" started-at="2022-10-21T17:25:25 EDT" name="setup" finished-at="2022-10-21T17:25:28 EDT" duration-ms="3325" status="PASS">
          <reporter-output>
          </reporter-output>
        </test-method> <!-- setup -->
        <test-method is-config="true" signature="clients()[pri:0, instance:com.dsAlgo.testCases.TC_DsAlgoRegisterTest@4bdeaabb]" started-at="2022-10-21T17:25:28 EDT" name="clients" finished-at="2022-10-21T17:25:28 EDT" duration-ms="31" status="PASS">
          <reporter-output>
          </reporter-output>
        </test-method> <!-- clients -->
        <test-method signature="VerifyRegisterWithEmptyFields()[pri:0, instance:com.dsAlgo.testCases.TC_DsAlgoRegisterTest@4bdeaabb]" started-at="2022-10-21T17:25:28 EDT" name="VerifyRegisterWithEmptyFields" finished-at="2022-10-21T17:25:29 EDT" duration-ms="1072" status="PASS">
          <reporter-output>
          </reporter-output>
        </test-method> <!-- VerifyRegisterWithEmptyFields -->
        <test-method is-config="true" signature="clients()[pri:0, instance:com.dsAlgo.testCases.TC_DsAlgoRegisterTest@4bdeaabb]" started-at="2022-10-21T17:25:30 EDT" name="clients" finished-at="2022-10-21T17:25:30 EDT" duration-ms="1" status="PASS">
          <reporter-output>
          </reporter-output>
        </test-method> <!-- clients -->
        <test-method signature="registerTest(java.lang.String,java.lang.String,java.lang.String,java.lang.String)[pri:0, instance:com.dsAlgo.testCases.TC_DsAlgoRegisterTest@4bdeaabb]" started-at="2022-10-21T17:25:30 EDT" name="registerTest" data-provider="registerData" finished-at="2022-10-21T17:25:30 EDT" duration-ms="419" status="PASS">
          <params>
            <param index="0">
              <value>
                <![CDATA[test105]]>
              </value>
            </param>
            <param index="1">
              <value>
                <![CDATA[Test@123]]>
              </value>
            </param>
            <param index="2">
              <value>
                <![CDATA[Test@123]]>
              </value>
            </param>
            <param index="3">
              <value>
                <![CDATA[invalid]]>
              </value>
            </param>
          </params>
          <reporter-output>
          </reporter-output>
        </test-method> <!-- registerTest -->
        <test-method is-config="true" signature="clients()[pri:0, instance:com.dsAlgo.testCases.TC_DsAlgoRegisterTest@4bdeaabb]" started-at="2022-10-21T17:25:30 EDT" name="clients" finished-at="2022-10-21T17:25:30 EDT" duration-ms="1" status="PASS">
          <reporter-output>
          </reporter-output>
        </test-method> <!-- clients -->
        <test-method signature="registerTest(java.lang.String,java.lang.String,java.lang.String,java.lang.String)[pri:0, instance:com.dsAlgo.testCases.TC_DsAlgoRegisterTest@4bdeaabb]" started-at="2022-10-21T17:25:30 EDT" name="registerTest" data-provider="registerData" finished-at="2022-10-21T17:25:31 EDT" duration-ms="396" status="PASS">
          <params>
            <param index="0">
              <value>
                <![CDATA[sdfsdf(op]]>
              </value>
            </param>
            <param index="1">
              <value>
                <![CDATA[Test@123]]>
              </value>
            </param>
            <param index="2">
              <value>
                <![CDATA[Test@123]]>
              </value>
            </param>
            <param index="3">
              <value>
                <![CDATA[invalid]]>
              </value>
            </param>
          </params>
          <reporter-output>
          </reporter-output>
        </test-method> <!-- registerTest -->
        <test-method is-config="true" signature="clients()[pri:0, instance:com.dsAlgo.testCases.TC_DsAlgoRegisterTest@4bdeaabb]" started-at="2022-10-21T17:25:31 EDT" name="clients" finished-at="2022-10-21T17:25:31 EDT" duration-ms="1" status="PASS">
          <reporter-output>
          </reporter-output>
        </test-method> <!-- clients -->
        <test-method signature="registerTest(java.lang.String,java.lang.String,java.lang.String,java.lang.String)[pri:0, instance:com.dsAlgo.testCases.TC_DsAlgoRegisterTest@4bdeaabb]" started-at="2022-10-21T17:25:31 EDT" name="registerTest" data-provider="registerData" finished-at="2022-10-21T17:25:31 EDT" duration-ms="419" status="PASS">
          <params>
            <param index="0">
              <value>
                <![CDATA[test101]]>
              </value>
            </param>
            <param index="1">
              <value>
                <![CDATA[789456123]]>
              </value>
            </param>
            <param index="2">
              <value>
                <![CDATA[789456123]]>
              </value>
            </param>
            <param index="3">
              <value>
                <![CDATA[invalid]]>
              </value>
            </param>
          </params>
          <reporter-output>
          </reporter-output>
        </test-method> <!-- registerTest -->
        <test-method is-config="true" signature="clients()[pri:0, instance:com.dsAlgo.testCases.TC_DsAlgoRegisterTest@4bdeaabb]" started-at="2022-10-21T17:25:31 EDT" name="clients" finished-at="2022-10-21T17:25:31 EDT" duration-ms="1" status="PASS">
          <reporter-output>
          </reporter-output>
        </test-method> <!-- clients -->
        <test-method signature="registerTest(java.lang.String,java.lang.String,java.lang.String,java.lang.String)[pri:0, instance:com.dsAlgo.testCases.TC_DsAlgoRegisterTest@4bdeaabb]" started-at="2022-10-21T17:25:31 EDT" name="registerTest" data-provider="registerData" finished-at="2022-10-21T17:25:32 EDT" duration-ms="421" status="PASS">
          <params>
            <param index="0">
              <value>
                <![CDATA[test101]]>
              </value>
            </param>
            <param index="1">
              <value>
                <![CDATA[Test@123]]>
              </value>
            </param>
            <param index="2">
              <value>
                <![CDATA[Test@124]]>
              </value>
            </param>
            <param index="3">
              <value>
                <![CDATA[invalid]]>
              </value>
            </param>
          </params>
          <reporter-output>
          </reporter-output>
        </test-method> <!-- registerTest -->
        <test-method is-config="true" signature="clients()[pri:0, instance:com.dsAlgo.testCases.TC_DsAlgoRegisterTest@4bdeaabb]" started-at="2022-10-21T17:25:32 EDT" name="clients" finished-at="2022-10-21T17:25:32 EDT" duration-ms="1" status="PASS">
          <reporter-output>
          </reporter-output>
        </test-method> <!-- clients -->
        <test-method signature="registerTest(java.lang.String,java.lang.String,java.lang.String,java.lang.String)[pri:0, instance:com.dsAlgo.testCases.TC_DsAlgoRegisterTest@4bdeaabb]" started-at="2022-10-21T17:25:32 EDT" name="registerTest" data-provider="registerData" finished-at="2022-10-21T17:25:32 EDT" duration-ms="397" status="PASS">
          <params>
            <param index="0">
              <value>
                <![CDATA[test101]]>
              </value>
            </param>
            <param index="1">
              <value>
                <![CDATA[Test@1]]>
              </value>
            </param>
            <param index="2">
              <value>
                <![CDATA[Test@1]]>
              </value>
            </param>
            <param index="3">
              <value>
                <![CDATA[invalid]]>
              </value>
            </param>
          </params>
          <reporter-output>
          </reporter-output>
        </test-method> <!-- registerTest -->
        <test-method is-config="true" signature="clients()[pri:0, instance:com.dsAlgo.testCases.TC_DsAlgoRegisterTest@4bdeaabb]" started-at="2022-10-21T17:25:32 EDT" name="clients" finished-at="2022-10-21T17:25:32 EDT" duration-ms="1" status="PASS">
          <reporter-output>
          </reporter-output>
        </test-method> <!-- clients -->
        <test-method signature="registerTest(java.lang.String,java.lang.String,java.lang.String,java.lang.String)[pri:0, instance:com.dsAlgo.testCases.TC_DsAlgoRegisterTest@4bdeaabb]" started-at="2022-10-21T17:25:32 EDT" name="registerTest" data-provider="registerData" finished-at="2022-10-21T17:25:32 EDT" duration-ms="427" status="PASS">
          <params>
            <param index="0">
              <value>
                <![CDATA[test12334//]]>
              </value>
            </param>
            <param index="1">
              <value>
                <![CDATA[Test@123]]>
              </value>
            </param>
            <param index="2">
              <value>
                <![CDATA[Test@123]]>
              </value>
            </param>
            <param index="3">
              <value>
                <![CDATA[invalid]]>
              </value>
            </param>
          </params>
          <reporter-output>
          </reporter-output>
        </test-method> <!-- registerTest -->
        <test-method is-config="true" signature="clients()[pri:0, instance:com.dsAlgo.testCases.TC_DsAlgoRegisterTest@4bdeaabb]" started-at="2022-10-21T17:25:32 EDT" name="clients" finished-at="2022-10-21T17:25:32 EDT" duration-ms="1" status="PASS">
          <reporter-output>
          </reporter-output>
        </test-method> <!-- clients -->
        <test-method signature="verifyValidRegisterDetails()[pri:0, instance:com.dsAlgo.testCases.TC_DsAlgoRegisterTest@4bdeaabb]" started-at="2022-10-21T17:25:32 EDT" name="verifyValidRegisterDetails" finished-at="2022-10-21T17:25:33 EDT" duration-ms="854" status="PASS">
          <reporter-output>
          </reporter-output>
        </test-method> <!-- verifyValidRegisterDetails -->
        <test-method is-config="true" signature="clients()[pri:0, instance:com.dsAlgo.testCases.TC_DsAlgoRegisterTest@4bdeaabb]" started-at="2022-10-21T17:25:33 EDT" name="clients" finished-at="2022-10-21T17:25:33 EDT" duration-ms="1" status="PASS">
          <reporter-output>
          </reporter-output>
        </test-method> <!-- clients -->
        <test-method signature="verifyvalidationMsg()[pri:0, instance:com.dsAlgo.testCases.TC_DsAlgoRegisterTest@4bdeaabb]" started-at="2022-10-21T17:25:33 EDT" name="verifyvalidationMsg" finished-at="2022-10-21T17:25:34 EDT" duration-ms="911" status="FAIL">
          <exception class="java.lang.AssertionError">
            <full-stacktrace>
              <![CDATA[java.lang.AssertionError
at org.junit.Assert.fail(Assert.java:86)
at org.junit.Assert.assertTrue(Assert.java:41)
at org.junit.Assert.assertTrue(Assert.java:52)
at com.dsAlgo.testCases.TC_DsAlgoRegisterTest.verifyvalidationMsg(TC_DsAlgoRegisterTest.java:267)
at java.base/jdk.internal.reflect.NativeMethodAccessorImpl.invoke0(Native Method)
at java.base/jdk.internal.reflect.NativeMethodAccessorImpl.invoke(NativeMethodAccessorImpl.java:77)
at java.base/jdk.internal.reflect.DelegatingMethodAccessorImpl.invoke(DelegatingMethodAccessorImpl.java:43)
at java.base/java.lang.reflect.Method.invoke(Method.java:568)
at org.testng.internal.invokers.MethodInvocationHelper.invokeMethod(MethodInvocationHelper.java:135)
at org.testng.internal.invokers.TestInvoker.invokeMethod(TestInvoker.java:673)
at org.testng.internal.invokers.TestInvoker.invokeTestMethod(TestInvoker.java:220)
at org.testng.internal.invokers.MethodRunner.runInSequence(MethodRunner.java:50)
at org.testng.internal.invokers.TestInvoker$MethodInvocationAgent.invoke(TestInvoker.java:945)
at org.testng.internal.invokers.TestInvoker.invokeTestMethods(TestInvoker.java:193)
at org.testng.internal.invokers.TestMethodWorker.invokeTestMethods(TestMethodWorker.java:146)
at org.testng.internal.invokers.TestMethodWorker.run(TestMethodWorker.java:128)
at java.base/java.util.ArrayList.forEach(ArrayList.java:1511)
at org.testng.TestRunner.privateRun(TestRunner.java:808)
at org.testng.TestRunner.run(TestRunner.java:603)
at org.testng.SuiteRunner.runTest(SuiteRunner.java:429)
at org.testng.SuiteRunner.runSequentially(SuiteRunner.java:423)
at org.testng.SuiteRunner.privateRun(SuiteRunner.java:383)
at org.testng.SuiteRunner.run(SuiteRunner.java:326)
at org.testng.SuiteRunnerWorker.runSuite(SuiteRunnerWorker.java:52)
at org.testng.SuiteRunnerWorker.run(SuiteRunnerWorker.java:95)
at org.testng.TestNG.runSuitesSequentially(TestNG.java:1249)
at org.testng.TestNG.runSuitesLocally(TestNG.java:1169)
at org.testng.TestNG.runSuites(TestNG.java:1092)
at org.testng.TestNG.run(TestNG.java:1060)
at org.testng.remote.AbstractRemoteTestNG.run(AbstractRemoteTestNG.java:115)
at org.testng.remote.RemoteTestNG.initAndRun(RemoteTestNG.java:251)
at org.testng.remote.RemoteTestNG.main(RemoteTestNG.java:77)
]]>
            </full-stacktrace>
          </exception> <!-- java.lang.AssertionError -->
          <reporter-output>
          </reporter-output>
        </test-method> <!-- verifyvalidationMsg -->
        <test-method is-config="true" signature="tearDown()[pri:0, instance:com.dsAlgo.testCases.TC_DsAlgoRegisterTest@4bdeaabb]" started-at="2022-10-21T17:25:34 EDT" name="tearDown" finished-at="2022-10-21T17:25:35 EDT" duration-ms="543" status="PASS">
          <reporter-output>
          </reporter-output>
        </test-method> <!-- tearDown -->
      </class> <!-- com.dsAlgo.testCases.TC_DsAlgoRegisterTest -->
      <class name="com.dsAlgo.testCases.TC_DsAlgoQueueTest">
        <test-method is-config="true" signature="setup()[pri:0, instance:com.dsAlgo.testCases.TC_DsAlgoQueueTest@70cf32e3]" started-at="2022-10-21T17:24:47 EDT" name="setup" finished-at="2022-10-21T17:24:51 EDT" duration-ms="3361" status="PASS">
          <reporter-output>
          </reporter-output>
        </test-method> <!-- setup -->
        <test-method is-config="true" signature="loggerObj()[pri:0, instance:com.dsAlgo.testCases.TC_DsAlgoQueueTest@70cf32e3]" started-at="2022-10-21T17:24:51 EDT" name="loggerObj" finished-at="2022-10-21T17:24:51 EDT" duration-ms="2" status="PASS">
          <reporter-output>
          </reporter-output>
        </test-method> <!-- loggerObj -->
        <test-method is-config="true" signature="clients()[pri:0, instance:com.dsAlgo.testCases.TC_DsAlgoQueueTest@70cf32e3]" started-at="2022-10-21T17:24:51 EDT" name="clients" finished-at="2022-10-21T17:24:51 EDT" duration-ms="78" status="PASS">
          <reporter-output>
          </reporter-output>
        </test-method> <!-- clients -->
        <test-method signature="verifyArrayLink()[pri:0, instance:com.dsAlgo.testCases.TC_DsAlgoQueueTest@70cf32e3]" started-at="2022-10-21T17:24:51 EDT" name="verifyArrayLink" finished-at="2022-10-21T17:24:54 EDT" duration-ms="3262" status="PASS">
          <reporter-output>
          </reporter-output>
        </test-method> <!-- verifyArrayLink -->
        <test-method is-config="true" signature="clients()[pri:0, instance:com.dsAlgo.testCases.TC_DsAlgoQueueTest@70cf32e3]" started-at="2022-10-21T17:24:54 EDT" name="clients" finished-at="2022-10-21T17:24:54 EDT" duration-ms="1" status="PASS">
          <reporter-output>
          </reporter-output>
        </test-method> <!-- clients -->
        <test-method signature="verifyCollectionsLink()[pri:0, instance:com.dsAlgo.testCases.TC_DsAlgoQueueTest@70cf32e3]" started-at="2022-10-21T17:24:54 EDT" name="verifyCollectionsLink" finished-at="2022-10-21T17:24:55 EDT" duration-ms="675" status="PASS">
          <reporter-output>
          </reporter-output>
        </test-method> <!-- verifyCollectionsLink -->
        <test-method is-config="true" signature="clients()[pri:0, instance:com.dsAlgo.testCases.TC_DsAlgoQueueTest@70cf32e3]" started-at="2022-10-21T17:24:55 EDT" name="clients" finished-at="2022-10-21T17:24:55 EDT" duration-ms="0" status="PASS">
          <reporter-output>
          </reporter-output>
        </test-method> <!-- clients -->
        <test-method signature="verifyLinkImpQueueInPython()[pri:0, instance:com.dsAlgo.testCases.TC_DsAlgoQueueTest@70cf32e3]" started-at="2022-10-21T17:24:55 EDT" name="verifyLinkImpQueueInPython" finished-at="2022-10-21T17:24:55 EDT" duration-ms="286" status="PASS">
          <reporter-output>
          </reporter-output>
        </test-method> <!-- verifyLinkImpQueueInPython -->
        <test-method is-config="true" signature="clients()[pri:0, instance:com.dsAlgo.testCases.TC_DsAlgoQueueTest@70cf32e3]" started-at="2022-10-21T17:24:55 EDT" name="clients" finished-at="2022-10-21T17:24:55 EDT" duration-ms="1" status="PASS">
          <reporter-output>
          </reporter-output>
        </test-method> <!-- clients -->
        <test-method signature="verifyPracticeQuestions()[pri:0, instance:com.dsAlgo.testCases.TC_DsAlgoQueueTest@70cf32e3]" started-at="2022-10-21T17:24:55 EDT" name="verifyPracticeQuestions" finished-at="2022-10-21T17:24:55 EDT" duration-ms="413" status="PASS">
          <reporter-output>
          </reporter-output>
        </test-method> <!-- verifyPracticeQuestions -->
        <test-method is-config="true" signature="clients()[pri:0, instance:com.dsAlgo.testCases.TC_DsAlgoQueueTest@70cf32e3]" started-at="2022-10-21T17:24:55 EDT" name="clients" finished-at="2022-10-21T17:24:55 EDT" duration-ms="1" status="PASS">
          <reporter-output>
          </reporter-output>
        </test-method> <!-- clients -->
        <test-method signature="verifyQueueOperations()[pri:0, instance:com.dsAlgo.testCases.TC_DsAlgoQueueTest@70cf32e3]" started-at="2022-10-21T17:24:55 EDT" name="verifyQueueOperations" finished-at="2022-10-21T17:24:56 EDT" duration-ms="646" status="PASS">
          <reporter-output>
          </reporter-output>
        </test-method> <!-- verifyQueueOperations -->
        <test-method is-config="true" signature="clients()[pri:0, instance:com.dsAlgo.testCases.TC_DsAlgoQueueTest@70cf32e3]" started-at="2022-10-21T17:24:56 EDT" name="clients" finished-at="2022-10-21T17:24:56 EDT" duration-ms="1" status="PASS">
          <reporter-output>
          </reporter-output>
        </test-method> <!-- clients -->
        <test-method signature="verifyRunBtnFromQueue()[pri:0, instance:com.dsAlgo.testCases.TC_DsAlgoQueueTest@70cf32e3]" started-at="2022-10-21T17:24:56 EDT" name="verifyRunBtnFromQueue" finished-at="2022-10-21T17:25:02 EDT" duration-ms="5707" status="PASS">
          <reporter-output>
          </reporter-output>
        </test-method> <!-- verifyRunBtnFromQueue -->
        <test-method is-config="true" signature="tearDown()[pri:0, instance:com.dsAlgo.testCases.TC_DsAlgoQueueTest@70cf32e3]" started-at="2022-10-21T17:25:02 EDT" name="tearDown" finished-at="2022-10-21T17:25:02 EDT" duration-ms="693" status="PASS">
          <reporter-output>
          </reporter-output>
        </test-method> <!-- tearDown -->
      </class> <!-- com.dsAlgo.testCases.TC_DsAlgoQueueTest -->
      <class name="com.dsAlgo.testCases.TC_DsAlgoHomeTest">
        <test-method is-config="true" signature="setup()[pri:0, instance:com.dsAlgo.testCases.TC_DsAlgoHomeTest@536f2a7e]" started-at="2022-10-21T17:24:02 EDT" name="setup" finished-at="2022-10-21T17:24:09 EDT" duration-ms="6471" status="PASS">
          <reporter-output>
          </reporter-output>
        </test-method> <!-- setup -->
        <test-method is-config="true" signature="loggerObj()[pri:0, instance:com.dsAlgo.testCases.TC_DsAlgoHomeTest@536f2a7e]" started-at="2022-10-21T17:24:09 EDT" name="loggerObj" finished-at="2022-10-21T17:24:09 EDT" duration-ms="1" status="PASS">
          <reporter-output>
          </reporter-output>
        </test-method> <!-- loggerObj -->
        <test-method is-config="true" signature="clients()[pri:0, instance:com.dsAlgo.testCases.TC_DsAlgoHomeTest@536f2a7e]" started-at="2022-10-21T17:24:09 EDT" name="clients" finished-at="2022-10-21T17:24:09 EDT" duration-ms="459" status="PASS">
          <reporter-output>
          </reporter-output>
        </test-method> <!-- clients -->
        <test-method signature="signIn()[pri:0, instance:com.dsAlgo.testCases.TC_DsAlgoHomeTest@536f2a7e]" started-at="2022-10-21T17:24:09 EDT" name="signIn" finished-at="2022-10-21T17:24:28 EDT" duration-ms="18404" status="PASS">
          <reporter-output>
          </reporter-output>
        </test-method> <!-- signIn -->
        <test-method is-config="true" signature="clients()[pri:0, instance:com.dsAlgo.testCases.TC_DsAlgoHomeTest@536f2a7e]" started-at="2022-10-21T17:24:28 EDT" name="clients" finished-at="2022-10-21T17:24:28 EDT" duration-ms="2" status="PASS">
          <reporter-output>
          </reporter-output>
        </test-method> <!-- clients -->
        <test-method signature="verifyArrayPageNav_FromDropdown()[pri:0, instance:com.dsAlgo.testCases.TC_DsAlgoHomeTest@536f2a7e]" started-at="2022-10-21T17:24:28 EDT" name="verifyArrayPageNav_FromDropdown" finished-at="2022-10-21T17:24:29 EDT" duration-ms="1881" status="PASS">
          <reporter-output>
          </reporter-output>
        </test-method> <!-- verifyArrayPageNav_FromDropdown -->
        <test-method is-config="true" signature="clients()[pri:0, instance:com.dsAlgo.testCases.TC_DsAlgoHomeTest@536f2a7e]" started-at="2022-10-21T17:24:29 EDT" name="clients" finished-at="2022-10-21T17:24:30 EDT" duration-ms="4" status="PASS">
          <reporter-output>
          </reporter-output>
        </test-method> <!-- clients -->
        <test-method signature="verifyDropDown()[pri:0, instance:com.dsAlgo.testCases.TC_DsAlgoHomeTest@536f2a7e]" started-at="2022-10-21T17:24:30 EDT" name="verifyDropDown" finished-at="2022-10-21T17:24:33 EDT" duration-ms="3152" status="PASS">
          <reporter-output>
          </reporter-output>
        </test-method> <!-- verifyDropDown -->
        <test-method is-config="true" signature="clients()[pri:0, instance:com.dsAlgo.testCases.TC_DsAlgoHomeTest@536f2a7e]" started-at="2022-10-21T17:24:33 EDT" name="clients" finished-at="2022-10-21T17:24:33 EDT" duration-ms="1" status="PASS">
          <reporter-output>
          </reporter-output>
        </test-method> <!-- clients -->
        <test-method signature="verifyQueuePageNav_AfterLogin()[pri:0, instance:com.dsAlgo.testCases.TC_DsAlgoHomeTest@536f2a7e]" started-at="2022-10-21T17:24:33 EDT" name="verifyQueuePageNav_AfterLogin" finished-at="2022-10-21T17:24:34 EDT" duration-ms="1534" status="PASS">
          <reporter-output>
          </reporter-output>
        </test-method> <!-- verifyQueuePageNav_AfterLogin -->
        <test-method is-config="true" signature="clients()[pri:0, instance:com.dsAlgo.testCases.TC_DsAlgoHomeTest@536f2a7e]" started-at="2022-10-21T17:24:34 EDT" name="clients" finished-at="2022-10-21T17:24:34 EDT" duration-ms="1" status="PASS">
          <reporter-output>
          </reporter-output>
        </test-method> <!-- clients -->
        <test-method signature="verifyRegisterLink()[pri:0, instance:com.dsAlgo.testCases.TC_DsAlgoHomeTest@536f2a7e]" started-at="2022-10-21T17:24:34 EDT" name="verifyRegisterLink" finished-at="2022-10-21T17:24:35 EDT" duration-ms="375" status="PASS">
          <reporter-output>
          </reporter-output>
        </test-method> <!-- verifyRegisterLink -->
        <test-method is-config="true" signature="clients()[pri:0, instance:com.dsAlgo.testCases.TC_DsAlgoHomeTest@536f2a7e]" started-at="2022-10-21T17:24:35 EDT" name="clients" finished-at="2022-10-21T17:24:35 EDT" duration-ms="2" status="PASS">
          <reporter-output>
          </reporter-output>
        </test-method> <!-- clients -->
        <test-method signature="verifyTreePageNav_AfterLogin()[pri:0, instance:com.dsAlgo.testCases.TC_DsAlgoHomeTest@536f2a7e]" started-at="2022-10-21T17:24:35 EDT" name="verifyTreePageNav_AfterLogin" finished-at="2022-10-21T17:24:36 EDT" duration-ms="1603" status="PASS">
          <reporter-output>
          </reporter-output>
        </test-method> <!-- verifyTreePageNav_AfterLogin -->
        <test-method is-config="true" signature="clients()[pri:0, instance:com.dsAlgo.testCases.TC_DsAlgoHomeTest@536f2a7e]" started-at="2022-10-21T17:24:36 EDT" name="clients" finished-at="2022-10-21T17:24:36 EDT" duration-ms="1" status="PASS">
          <reporter-output>
          </reporter-output>
        </test-method> <!-- clients -->
        <test-method signature="verifyArrayPageNav_BeforeLogin()[pri:1, instance:com.dsAlgo.testCases.TC_DsAlgoHomeTest@536f2a7e]" started-at="2022-10-21T17:24:36 EDT" name="verifyArrayPageNav_BeforeLogin" finished-at="2022-10-21T17:24:37 EDT" duration-ms="993" status="PASS">
          <reporter-output>
          </reporter-output>
        </test-method> <!-- verifyArrayPageNav_BeforeLogin -->
        <test-method is-config="true" signature="clients()[pri:0, instance:com.dsAlgo.testCases.TC_DsAlgoHomeTest@536f2a7e]" started-at="2022-10-21T17:24:37 EDT" name="clients" finished-at="2022-10-21T17:24:37 EDT" duration-ms="2" status="PASS">
          <reporter-output>
          </reporter-output>
        </test-method> <!-- clients -->
        <test-method signature="verifyArrayPageNav_AfterLogin()[pri:2, instance:com.dsAlgo.testCases.TC_DsAlgoHomeTest@536f2a7e]" started-at="2022-10-21T17:24:37 EDT" name="verifyArrayPageNav_AfterLogin" finished-at="2022-10-21T17:24:39 EDT" duration-ms="1360" status="PASS">
          <reporter-output>
          </reporter-output>
        </test-method> <!-- verifyArrayPageNav_AfterLogin -->
        <test-method is-config="true" signature="tearDown()[pri:0, instance:com.dsAlgo.testCases.TC_DsAlgoHomeTest@536f2a7e]" started-at="2022-10-21T17:24:39 EDT" name="tearDown" finished-at="2022-10-21T17:24:39 EDT" duration-ms="632" status="PASS">
          <reporter-output>
          </reporter-output>
        </test-method> <!-- tearDown -->
      </class> <!-- com.dsAlgo.testCases.TC_DsAlgoHomeTest -->
    </test> <!-- Dsalgo Test -->
  </suite> <!-- DsAlgoV1 -->
</testng-results>
